1616085434313	geckodriver	INFO	Listening on 127.0.0.1:60217
1616085434317	mozrunner::runner	INFO	Running command: "/usr/bin/firefox" "--marionette" "user-agent=fri-ieps-kslk" "--headless" "-foreground" "-no-remote" "-profile" "/tmp/rust_mozprofilenCpEvH"
*** You are running in headless mode.

(/usr/lib/firefox/firefox:32006): GLib-GObject-CRITICAL **: 17:37:15.161: g_object_set: assertion 'G_IS_OBJECT (object)' failed

(/usr/lib/firefox/firefox:32027): GLib-GObject-CRITICAL **: 17:37:15.215: g_object_set: assertion 'G_IS_OBJECT (object)' failed
console.info: MINT: Trying to use the system region (based on LANG).
console.info: MINT: System region is US
console.warn: SearchSettings: "get: No settings file exists, new profile?" (new Error("", "(unknown module)"))
console.info: MINT: Loading search-config defaults.
JavaScript error: resource://gre/modules/TelemetryUtils.jsm, line 159: TypeError: date is undefined
1616085435944	Marionette	INFO	Listening on port 45709
1616085436081	Marionette	WARN	TLS certificate errors will be ignored for this session

(/usr/lib/firefox/firefox:32115): GLib-GObject-CRITICAL **: 17:37:16.161: g_object_set: assertion 'G_IS_OBJECT (object)' failed
1616085441992	Marionette	INFO	Stopped listening on port 45709
1616085444542	geckodriver	INFO	Listening on 127.0.0.1:43253
1616085444554	mozrunner::runner	INFO	Running command: "/usr/bin/firefox" "--marionette" "user-agent=fri-ieps-kslk" "--headless" "-foreground" "-no-remote" "-profile" "/tmp/rust_mozprofileorbxJi"
*** You are running in headless mode.

(/usr/lib/firefox/firefox:32224): GLib-GObject-CRITICAL **: 17:37:25.398: g_object_set: assertion 'G_IS_OBJECT (object)' failed

(/usr/lib/firefox/firefox:32247): GLib-GObject-CRITICAL **: 17:37:25.498: g_object_set: assertion 'G_IS_OBJECT (object)' failed
console.info: MINT: Trying to use the system region (based on LANG).
console.info: MINT: System region is US
console.warn: SearchSettings: "get: No settings file exists, new profile?" (new Error("", "(unknown module)"))
console.info: MINT: Loading search-config defaults.
JavaScript error: resource://gre/modules/TelemetryUtils.jsm, line 159: TypeError: date is undefined
1616085446282	Marionette	INFO	Listening on port 36507
1616085446381	Marionette	WARN	TLS certificate errors will be ignored for this session

(/usr/lib/firefox/firefox:32335): GLib-GObject-CRITICAL **: 17:37:26.430: g_object_set: assertion 'G_IS_OBJECT (object)' failed
1616085454988	Marionette	INFO	Stopped listening on port 36507
1616085457164	geckodriver	INFO	Listening on 127.0.0.1:41531
1616085457174	mozrunner::runner	INFO	Running command: "/usr/bin/firefox" "--marionette" "user-agent=fri-ieps-kslk" "--headless" "-foreground" "-no-remote" "-profile" "/tmp/rust_mozprofile0RiiDF"
*** You are running in headless mode.

(/usr/lib/firefox/firefox:32446): GLib-GObject-CRITICAL **: 17:37:38.072: g_object_set: assertion 'G_IS_OBJECT (object)' failed

(/usr/lib/firefox/firefox:32467): GLib-GObject-CRITICAL **: 17:37:38.129: g_object_set: assertion 'G_IS_OBJECT (object)' failed
console.info: MINT: Trying to use the system region (based on LANG).
console.info: MINT: System region is US
console.warn: SearchSettings: "get: No settings file exists, new profile?" (new Error("", "(unknown module)"))
console.info: MINT: Loading search-config defaults.
JavaScript error: resource://gre/modules/TelemetryUtils.jsm, line 159: TypeError: date is undefined
1616085458872	Marionette	INFO	Listening on port 44347
1616085458898	Marionette	WARN	TLS certificate errors will be ignored for this session

(/usr/lib/firefox/firefox:32556): GLib-GObject-CRITICAL **: 17:37:39.058: g_object_set: assertion 'G_IS_OBJECT (object)' failed
1616085466777	Marionette	INFO	Stopped listening on port 44347
1616085478733	geckodriver	INFO	Listening on 127.0.0.1:39105
1616085478739	mozrunner::runner	INFO	Running command: "/usr/bin/firefox" "--marionette" "user-agent=fri-ieps-kslk" "--headless" "-foreground" "-no-remote" "-profile" "/tmp/rust_mozprofileiHo8W9"
*** You are running in headless mode.

(/usr/lib/firefox/firefox:32688): GLib-GObject-CRITICAL **: 17:37:59.660: g_object_set: assertion 'G_IS_OBJECT (object)' failed

(/usr/lib/firefox/firefox:32709): GLib-GObject-CRITICAL **: 17:37:59.724: g_object_set: assertion 'G_IS_OBJECT (object)' failed
console.info: MINT: Trying to use the system region (based on LANG).
console.info: MINT: System region is US
console.warn: SearchSettings: "get: No settings file exists, new profile?" (new Error("", "(unknown module)"))
console.info: MINT: Loading search-config defaults.
JavaScript error: resource://gre/modules/TelemetryUtils.jsm, line 159: TypeError: date is undefined
1616085480418	Marionette	INFO	Listening on port 42861
1616085480461	Marionette	WARN	TLS certificate errors will be ignored for this session

(/usr/lib/firefox/firefox:32799): GLib-GObject-CRITICAL **: 17:38:00.620: g_object_set: assertion 'G_IS_OBJECT (object)' failed
1616085489086	geckodriver	INFO	Listening on 127.0.0.1:33435
1616085489090	mozrunner::runner	INFO	Running command: "/usr/bin/firefox" "--marionette" "user-agent=fri-ieps-kslk" "--headless" "-foreground" "-no-remote" "-profile" "/tmp/rust_mozprofilenyeNAX"
*** You are running in headless mode.

(/usr/lib/firefox/firefox:32906): GLib-GObject-CRITICAL **: 17:38:09.983: g_object_set: assertion 'G_IS_OBJECT (object)' failed

(/usr/lib/firefox/firefox:32927): GLib-GObject-CRITICAL **: 17:38:10.037: g_object_set: assertion 'G_IS_OBJECT (object)' failed
console.info: MINT: Trying to use the system region (based on LANG).
console.info: MINT: System region is US
console.warn: SearchSettings: "get: No settings file exists, new profile?" (new Error("", "(unknown module)"))
console.info: MINT: Loading search-config defaults.
JavaScript error: resource://gre/modules/TelemetryUtils.jsm, line 159: TypeError: date is undefined
1616085490747	Marionette	INFO	Listening on port 36283
1616085490816	Marionette	WARN	TLS certificate errors will be ignored for this session

(/usr/lib/firefox/firefox:33015): GLib-GObject-CRITICAL **: 17:38:10.968: g_object_set: assertion 'G_IS_OBJECT (object)' failed
1616085497455	Marionette	INFO	Stopped listening on port 36283
1616085499186	geckodriver	INFO	Listening on 127.0.0.1:34421
1616085499191	mozrunner::runner	INFO	Running command: "/usr/bin/firefox" "--marionette" "user-agent=fri-ieps-kslk" "--headless" "-foreground" "-no-remote" "-profile" "/tmp/rust_mozprofilemeirPb"
*** You are running in headless mode.

(/usr/lib/firefox/firefox:33130): GLib-GObject-CRITICAL **: 17:38:20.052: g_object_set: assertion 'G_IS_OBJECT (object)' failed

(/usr/lib/firefox/firefox:33153): GLib-GObject-CRITICAL **: 17:38:20.148: g_object_set: assertion 'G_IS_OBJECT (object)' failed
console.info: MINT: Trying to use the system region (based on LANG).
console.info: MINT: System region is US
console.warn: SearchSettings: "get: No settings file exists, new profile?" (new Error("", "(unknown module)"))
console.info: MINT: Loading search-config defaults.
JavaScript error: resource://gre/modules/TelemetryUtils.jsm, line 159: TypeError: date is undefined
1616085500916	Marionette	INFO	Listening on port 35567
1616085501015	Marionette	WARN	TLS certificate errors will be ignored for this session

(/usr/lib/firefox/firefox:33240): GLib-GObject-CRITICAL **: 17:38:21.059: g_object_set: assertion 'G_IS_OBJECT (object)' failed
1616085558074	geckodriver	INFO	Listening on 127.0.0.1:54289
1616085558086	mozrunner::runner	INFO	Running command: "/usr/bin/firefox" "--marionette" "user-agent=fri-ieps-kslk" "--headless" "-foreground" "-no-remote" "-profile" "/tmp/rust_mozprofileE9BR2a"
*** You are running in headless mode.

(/usr/lib/firefox/firefox:33384): GLib-GObject-CRITICAL **: 17:39:19.025: g_object_set: assertion 'G_IS_OBJECT (object)' failed

(/usr/lib/firefox/firefox:33405): GLib-GObject-CRITICAL **: 17:39:19.079: g_object_set: assertion 'G_IS_OBJECT (object)' failed
console.info: MINT: Trying to use the system region (based on LANG).
console.info: MINT: System region is US
console.warn: SearchSettings: "get: No settings file exists, new profile?" (new Error("", "(unknown module)"))
console.info: MINT: Loading search-config defaults.
JavaScript error: resource://gre/modules/TelemetryUtils.jsm, line 159: TypeError: date is undefined
1616085559835	Marionette	INFO	Listening on port 43563
1616085559928	Marionette	WARN	TLS certificate errors will be ignored for this session

(/usr/lib/firefox/firefox:33494): GLib-GObject-CRITICAL **: 17:39:20.069: g_object_set: assertion 'G_IS_OBJECT (object)' failed
1616085566714	Marionette	INFO	Stopped listening on port 43563
console.info: MINT: main/search-config update being skipped
1616085764881	geckodriver	INFO	Listening on 127.0.0.1:59923
1616085764892	mozrunner::runner	INFO	Running command: "/usr/bin/firefox" "--marionette" "user-agent=fri-ieps-kslk" "--headless" "-foreground" "-no-remote" "-profile" "/tmp/rust_mozprofileGWDCBj"
*** You are running in headless mode.

(/usr/lib/firefox/firefox:33725): GLib-GObject-CRITICAL **: 17:42:45.818: g_object_set: assertion 'G_IS_OBJECT (object)' failed

(/usr/lib/firefox/firefox:33746): GLib-GObject-CRITICAL **: 17:42:45.879: g_object_set: assertion 'G_IS_OBJECT (object)' failed
console.info: MINT: Trying to use the system region (based on LANG).
console.info: MINT: System region is US
console.warn: SearchSettings: "get: No settings file exists, new profile?" (new Error("", "(unknown module)"))
console.info: MINT: Loading search-config defaults.
JavaScript error: resource://gre/modules/TelemetryUtils.jsm, line 159: TypeError: date is undefined
1616085766603	Marionette	INFO	Listening on port 42679
1616085766772	Marionette	WARN	TLS certificate errors will be ignored for this session

(/usr/lib/firefox/firefox:33836): GLib-GObject-CRITICAL **: 17:42:46.867: g_object_set: assertion 'G_IS_OBJECT (object)' failed
console.info: MINT: main/search-config update being skipped
1616085774978	geckodriver	INFO	Listening on 127.0.0.1:48193
1616085774982	mozrunner::runner	INFO	Running command: "/usr/bin/firefox" "--marionette" "user-agent=fri-ieps-kslk" "--headless" "-foreground" "-no-remote" "-profile" "/tmp/rust_mozprofileoEtQwA"
*** You are running in headless mode.

(/usr/lib/firefox/firefox:33948): GLib-GObject-CRITICAL **: 17:42:55.849: g_object_set: assertion 'G_IS_OBJECT (object)' failed

(/usr/lib/firefox/firefox:33969): GLib-GObject-CRITICAL **: 17:42:55.898: g_object_set: assertion 'G_IS_OBJECT (object)' failed
console.info: MINT: Trying to use the system region (based on LANG).
console.info: MINT: System region is US
console.warn: SearchSettings: "get: No settings file exists, new profile?" (new Error("", "(unknown module)"))
console.info: MINT: Loading search-config defaults.
JavaScript error: resource://gre/modules/TelemetryUtils.jsm, line 159: TypeError: date is undefined
1616085776579	Marionette	INFO	Listening on port 35563
1616085776608	Marionette	WARN	TLS certificate errors will be ignored for this session

(/usr/lib/firefox/firefox:34059): GLib-GObject-CRITICAL **: 17:42:56.863: g_object_set: assertion 'G_IS_OBJECT (object)' failed
1616085786431	geckodriver	INFO	Listening on 127.0.0.1:42323
1616085786434	mozrunner::runner	INFO	Running command: "/usr/bin/firefox" "--marionette" "user-agent=fri-ieps-kslk" "--headless" "-foreground" "-no-remote" "-profile" "/tmp/rust_mozprofilexugMXp"
*** You are running in headless mode.

(/usr/lib/firefox/firefox:34165): GLib-GObject-CRITICAL **: 17:43:07.343: g_object_set: assertion 'G_IS_OBJECT (object)' failed

(/usr/lib/firefox/firefox:34186): GLib-GObject-CRITICAL **: 17:43:07.407: g_object_set: assertion 'G_IS_OBJECT (object)' failed
console.info: MINT: Trying to use the system region (based on LANG).
console.info: MINT: System region is US
console.warn: SearchSettings: "get: No settings file exists, new profile?" (new Error("", "(unknown module)"))
console.info: MINT: Loading search-config defaults.
JavaScript error: resource://gre/modules/TelemetryUtils.jsm, line 159: TypeError: date is undefined
1616085788094	Marionette	INFO	Listening on port 37703
1616085788178	Marionette	WARN	TLS certificate errors will be ignored for this session

(/usr/lib/firefox/firefox:34276): GLib-GObject-CRITICAL **: 17:43:08.322: g_object_set: assertion 'G_IS_OBJECT (object)' failed
1616085824356	geckodriver	INFO	Listening on 127.0.0.1:49947
1616085824368	mozrunner::runner	INFO	Running command: "/usr/bin/firefox" "--marionette" "user-agent=fri-ieps-kslk" "--headless" "-foreground" "-no-remote" "-profile" "/tmp/rust_mozprofileinQoUp"
*** You are running in headless mode.

(/usr/lib/firefox/firefox:34432): GLib-GObject-CRITICAL **: 17:43:45.264: g_object_set: assertion 'G_IS_OBJECT (object)' failed

(/usr/lib/firefox/firefox:34455): GLib-GObject-CRITICAL **: 17:43:45.378: g_object_set: assertion 'G_IS_OBJECT (object)' failed
console.info: MINT: Trying to use the system region (based on LANG).
console.info: MINT: System region is US
console.warn: SearchSettings: "get: No settings file exists, new profile?" (new Error("", "(unknown module)"))
console.info: MINT: Loading search-config defaults.
JavaScript error: resource://gre/modules/TelemetryUtils.jsm, line 159: TypeError: date is undefined
1616085826107	Marionette	INFO	Listening on port 36085
1616085826197	Marionette	WARN	TLS certificate errors will be ignored for this session

(/usr/lib/firefox/firefox:34540): GLib-GObject-CRITICAL **: 17:43:46.268: g_object_set: assertion 'G_IS_OBJECT (object)' failed
1616085832930	geckodriver	INFO	Listening on 127.0.0.1:54553
1616085832935	mozrunner::runner	INFO	Running command: "/usr/bin/firefox" "--marionette" "user-agent=fri-ieps-kslk" "--headless" "-foreground" "-no-remote" "-profile" "/tmp/rust_mozprofilevlHNdl"
*** You are running in headless mode.

(/usr/lib/firefox/firefox:34645): GLib-GObject-CRITICAL **: 17:43:53.866: g_object_set: assertion 'G_IS_OBJECT (object)' failed

(/usr/lib/firefox/firefox:34666): GLib-GObject-CRITICAL **: 17:43:53.926: g_object_set: assertion 'G_IS_OBJECT (object)' failed
console.info: MINT: Trying to use the system region (based on LANG).
console.info: MINT: System region is US
console.warn: SearchSettings: "get: No settings file exists, new profile?" (new Error("", "(unknown module)"))
console.info: MINT: Loading search-config defaults.
JavaScript error: resource://gre/modules/TelemetryUtils.jsm, line 159: TypeError: date is undefined
1616085834901	Marionette	INFO	Listening on port 42743

(/usr/lib/firefox/firefox:34748): GLib-GObject-CRITICAL **: 17:43:54.957: g_object_set: assertion 'G_IS_OBJECT (object)' failed
1616085834963	Marionette	WARN	TLS certificate errors will be ignored for this session
1616085849268	geckodriver	INFO	Listening on 127.0.0.1:43837
1616085849278	mozrunner::runner	INFO	Running command: "/usr/bin/firefox" "--marionette" "user-agent=fri-ieps-kslk" "--headless" "-foreground" "-no-remote" "-profile" "/tmp/rust_mozprofileP7Vod9"
*** You are running in headless mode.

(/usr/lib/firefox/firefox:34863): GLib-GObject-CRITICAL **: 17:44:10.191: g_object_set: assertion 'G_IS_OBJECT (object)' failed

(/usr/lib/firefox/firefox:34884): GLib-GObject-CRITICAL **: 17:44:10.277: g_object_set: assertion 'G_IS_OBJECT (object)' failed
console.info: MINT: Trying to use the system region (based on LANG).
console.info: MINT: System region is US
console.warn: SearchSettings: "get: No settings file exists, new profile?" (new Error("", "(unknown module)"))
console.info: MINT: Loading search-config defaults.
JavaScript error: resource://gre/modules/TelemetryUtils.jsm, line 159: TypeError: date is undefined
1616085851104	Marionette	INFO	Listening on port 37671

(/usr/lib/firefox/firefox:34964): GLib-GObject-CRITICAL **: 17:44:11.140: g_object_set: assertion 'G_IS_OBJECT (object)' failed
1616085851227	Marionette	WARN	TLS certificate errors will be ignored for this session
JavaScript error: https://www.stopbirokraciji.gov.si/js/main.js?1566479405, line 275: TypeError: $(...).fancybox is not a function
1616085859603	Marionette	INFO	Stopped listening on port 37671
1616085861635	geckodriver	INFO	Listening on 127.0.0.1:33201
1616085861640	mozrunner::runner	INFO	Running command: "/usr/bin/firefox" "--marionette" "user-agent=fri-ieps-kslk" "--headless" "-foreground" "-no-remote" "-profile" "/tmp/rust_mozprofileaW1inI"
*** You are running in headless mode.

(/usr/lib/firefox/firefox:35083): GLib-GObject-CRITICAL **: 17:44:22.500: g_object_set: assertion 'G_IS_OBJECT (object)' failed

(/usr/lib/firefox/firefox:35104): GLib-GObject-CRITICAL **: 17:44:22.552: g_object_set: assertion 'G_IS_OBJECT (object)' failed
console.info: MINT: Trying to use the system region (based on LANG).
console.info: MINT: System region is US
console.warn: SearchSettings: "get: No settings file exists, new profile?" (new Error("", "(unknown module)"))
console.info: MINT: Loading search-config defaults.
JavaScript error: resource://gre/modules/TelemetryUtils.jsm, line 159: TypeError: date is undefined
1616085863246	Marionette	INFO	Listening on port 42009
1616085863391	Marionette	WARN	TLS certificate errors will be ignored for this session

(/usr/lib/firefox/firefox:35191): GLib-GObject-CRITICAL **: 17:44:23.531: g_object_set: assertion 'G_IS_OBJECT (object)' failed
1616085870588	geckodriver	INFO	Listening on 127.0.0.1:38407
1616085870601	mozrunner::runner	INFO	Running command: "/usr/bin/firefox" "--marionette" "user-agent=fri-ieps-kslk" "--headless" "-foreground" "-no-remote" "-profile" "/tmp/rust_mozprofilezAtLj3"
*** You are running in headless mode.

(/usr/lib/firefox/firefox:35296): GLib-GObject-CRITICAL **: 17:44:31.447: g_object_set: assertion 'G_IS_OBJECT (object)' failed

(/usr/lib/firefox/firefox:35319): GLib-GObject-CRITICAL **: 17:44:31.503: g_object_set: assertion 'G_IS_OBJECT (object)' failed
console.info: MINT: Trying to use the system region (based on LANG).
console.info: MINT: System region is US
console.warn: SearchSettings: "get: No settings file exists, new profile?" (new Error("", "(unknown module)"))
console.info: MINT: Loading search-config defaults.
JavaScript error: resource://gre/modules/TelemetryUtils.jsm, line 159: TypeError: date is undefined
1616085872203	Marionette	INFO	Listening on port 40991
1616085872229	Marionette	WARN	TLS certificate errors will be ignored for this session

(/usr/lib/firefox/firefox:35406): GLib-GObject-CRITICAL **: 17:44:32.422: g_object_set: assertion 'G_IS_OBJECT (object)' failed
1616085879945	Marionette	INFO	Stopped listening on port 40991
1616086030242	geckodriver	INFO	Listening on 127.0.0.1:44103
1616086030247	mozrunner::runner	INFO	Running command: "/usr/bin/firefox" "--marionette" "user-agent=fri-ieps-kslk" "--headless" "-foreground" "-no-remote" "-profile" "/tmp/rust_mozprofile3pUrfp"
*** You are running in headless mode.

(/usr/lib/firefox/firefox:35985): GLib-GObject-CRITICAL **: 17:47:11.123: g_object_set: assertion 'G_IS_OBJECT (object)' failed

(/usr/lib/firefox/firefox:36006): GLib-GObject-CRITICAL **: 17:47:11.182: g_object_set: assertion 'G_IS_OBJECT (object)' failed
console.info: MINT: Trying to use the system region (based on LANG).
console.info: MINT: System region is US
console.warn: SearchSettings: "get: No settings file exists, new profile?" (new Error("", "(unknown module)"))
console.info: MINT: Loading search-config defaults.
JavaScript error: resource://gre/modules/TelemetryUtils.jsm, line 159: TypeError: date is undefined
1616086031834	Marionette	INFO	Listening on port 39937
1616086031876	Marionette	WARN	TLS certificate errors will be ignored for this session

(/usr/lib/firefox/firefox:36097): GLib-GObject-CRITICAL **: 17:47:12.149: g_object_set: assertion 'G_IS_OBJECT (object)' failed
console.info: MINT: main/search-config update being skipped
1616086038485	Marionette	INFO	Stopped listening on port 39937
console.info: MINT: main/search-config update being skipped
1616086057105	geckodriver	INFO	Listening on 127.0.0.1:59211
1616086057110	mozrunner::runner	INFO	Running command: "/usr/bin/firefox" "--marionette" "user-agent=fri-ieps-kslk" "--headless" "-foreground" "-no-remote" "-profile" "/tmp/rust_mozprofileBCC2BW"
*** You are running in headless mode.

(/usr/lib/firefox/firefox:36259): GLib-GObject-CRITICAL **: 17:47:37.975: g_object_set: assertion 'G_IS_OBJECT (object)' failed

(/usr/lib/firefox/firefox:36280): GLib-GObject-CRITICAL **: 17:47:38.034: g_object_set: assertion 'G_IS_OBJECT (object)' failed
console.info: MINT: Trying to use the system region (based on LANG).
console.info: MINT: System region is US
console.warn: SearchSettings: "get: No settings file exists, new profile?" (new Error("", "(unknown module)"))
console.info: MINT: Loading search-config defaults.
JavaScript error: resource://gre/modules/TelemetryUtils.jsm, line 159: TypeError: date is undefined
1616086058819	Marionette	INFO	Listening on port 39069

(/usr/lib/firefox/firefox:36362): GLib-GObject-CRITICAL **: 17:47:38.934: g_object_set: assertion 'G_IS_OBJECT (object)' failed
1616086058939	Marionette	WARN	TLS certificate errors will be ignored for this session
console.info: MINT: main/search-config update being skipped
1616086064753	Marionette	INFO	Stopped listening on port 39069
1616086065384	geckodriver	INFO	Listening on 127.0.0.1:52343
1616086065397	mozrunner::runner	INFO	Running command: "/usr/bin/firefox" "--marionette" "user-agent=fri-ieps-kslk" "--headless" "-foreground" "-no-remote" "-profile" "/tmp/rust_mozprofilegRwO9w"
*** You are running in headless mode.

(/usr/lib/firefox/firefox:36477): GLib-GObject-CRITICAL **: 17:47:46.305: g_object_set: assertion 'G_IS_OBJECT (object)' failed

(/usr/lib/firefox/firefox:36498): GLib-GObject-CRITICAL **: 17:47:46.371: g_object_set: assertion 'G_IS_OBJECT (object)' failed
console.info: MINT: Trying to use the system region (based on LANG).
console.info: MINT: System region is US
console.warn: SearchSettings: "get: No settings file exists, new profile?" (new Error("", "(unknown module)"))
console.info: MINT: Loading search-config defaults.
JavaScript error: resource://gre/modules/TelemetryUtils.jsm, line 159: TypeError: date is undefined
1616086067104	Marionette	INFO	Listening on port 40843
1616086067240	Marionette	WARN	TLS certificate errors will be ignored for this session

(/usr/lib/firefox/firefox:36588): GLib-GObject-CRITICAL **: 17:47:47.288: g_object_set: assertion 'G_IS_OBJECT (object)' failed
1616086075234	Marionette	INFO	Stopped listening on port 40843
1616086076803	geckodriver	INFO	Listening on 127.0.0.1:51001
1616086076813	mozrunner::runner	INFO	Running command: "/usr/bin/firefox" "--marionette" "user-agent=fri-ieps-kslk" "--headless" "-foreground" "-no-remote" "-profile" "/tmp/rust_mozprofileGN3vTB"
*** You are running in headless mode.

(/usr/lib/firefox/firefox:36695): GLib-GObject-CRITICAL **: 17:47:57.709: g_object_set: assertion 'G_IS_OBJECT (object)' failed

(/usr/lib/firefox/firefox:36716): GLib-GObject-CRITICAL **: 17:47:57.744: g_object_set: assertion 'G_IS_OBJECT (object)' failed
console.info: MINT: Trying to use the system region (based on LANG).
console.info: MINT: System region is US
console.warn: SearchSettings: "get: No settings file exists, new profile?" (new Error("", "(unknown module)"))
console.info: MINT: Loading search-config defaults.
JavaScript error: resource://gre/modules/TelemetryUtils.jsm, line 159: TypeError: date is undefined
1616086078542	Marionette	INFO	Listening on port 37413
1616086078639	Marionette	WARN	TLS certificate errors will be ignored for this session

(/usr/lib/firefox/firefox:36806): GLib-GObject-CRITICAL **: 17:47:58.679: g_object_set: assertion 'G_IS_OBJECT (object)' failed
1616086086267	Marionette	INFO	Stopped listening on port 37413
1616086086854	geckodriver	INFO	Listening on 127.0.0.1:36209
1616086086858	mozrunner::runner	INFO	Running command: "/usr/bin/firefox" "--marionette" "user-agent=fri-ieps-kslk" "--headless" "-foreground" "-no-remote" "-profile" "/tmp/rust_mozprofileaSScq6"
*** You are running in headless mode.

(/usr/lib/firefox/firefox:36919): GLib-GObject-CRITICAL **: 17:48:07.727: g_object_set: assertion 'G_IS_OBJECT (object)' failed

(/usr/lib/firefox/firefox:36940): GLib-GObject-CRITICAL **: 17:48:07.787: g_object_set: assertion 'G_IS_OBJECT (object)' failed
console.info: MINT: Trying to use the system region (based on LANG).
console.info: MINT: System region is US
console.warn: SearchSettings: "get: No settings file exists, new profile?" (new Error("", "(unknown module)"))
console.info: MINT: Loading search-config defaults.
JavaScript error: resource://gre/modules/TelemetryUtils.jsm, line 159: TypeError: date is undefined
1616086088531	Marionette	INFO	Listening on port 35191
1616086088580	Marionette	WARN	TLS certificate errors will be ignored for this session

(/usr/lib/firefox/firefox:37028): GLib-GObject-CRITICAL **: 17:48:08.717: g_object_set: assertion 'G_IS_OBJECT (object)' failed
1616086094378	geckodriver	INFO	Listening on 127.0.0.1:54455
1616086094383	mozrunner::runner	INFO	Running command: "/usr/bin/firefox" "--marionette" "user-agent=fri-ieps-kslk" "--headless" "-foreground" "-no-remote" "-profile" "/tmp/rust_mozprofileY8AXC7"
*** You are running in headless mode.

(/usr/lib/firefox/firefox:37138): GLib-GObject-CRITICAL **: 17:48:15.269: g_object_set: assertion 'G_IS_OBJECT (object)' failed

(/usr/lib/firefox/firefox:37159): GLib-GObject-CRITICAL **: 17:48:15.323: g_object_set: assertion 'G_IS_OBJECT (object)' failed
console.info: MINT: Trying to use the system region (based on LANG).
console.info: MINT: System region is US
console.warn: SearchSettings: "get: No settings file exists, new profile?" (new Error("", "(unknown module)"))
console.info: MINT: Loading search-config defaults.
JavaScript error: resource://gre/modules/TelemetryUtils.jsm, line 159: TypeError: date is undefined
1616086096243	Marionette	INFO	Listening on port 37239

(/usr/lib/firefox/firefox:37244): GLib-GObject-CRITICAL **: 17:48:16.299: g_object_set: assertion 'G_IS_OBJECT (object)' failed
1616086096310	Marionette	WARN	TLS certificate errors will be ignored for this session
console.info: MINT: main/search-config update being skipped
1616086103099	Marionette	INFO	Stopped listening on port 37239
1616086103780	geckodriver	INFO	Listening on 127.0.0.1:54935
1616086103784	mozrunner::runner	INFO	Running command: "/usr/bin/firefox" "--marionette" "user-agent=fri-ieps-kslk" "--headless" "-foreground" "-no-remote" "-profile" "/tmp/rust_mozprofileirveAd"
*** You are running in headless mode.

(/usr/lib/firefox/firefox:37372): GLib-GObject-CRITICAL **: 17:48:24.641: g_object_set: assertion 'G_IS_OBJECT (object)' failed

(/usr/lib/firefox/firefox:37395): GLib-GObject-CRITICAL **: 17:48:24.748: g_object_set: assertion 'G_IS_OBJECT (object)' failed
console.info: MINT: Trying to use the system region (based on LANG).
console.info: MINT: System region is US
console.warn: SearchSettings: "get: No settings file exists, new profile?" (new Error("", "(unknown module)"))
console.info: MINT: Loading search-config defaults.
JavaScript error: resource://gre/modules/TelemetryUtils.jsm, line 159: TypeError: date is undefined
1616086105460	Marionette	INFO	Listening on port 37747
1616086105504	Marionette	WARN	TLS certificate errors will be ignored for this session

(/usr/lib/firefox/firefox:37482): GLib-GObject-CRITICAL **: 17:48:25.643: g_object_set: assertion 'G_IS_OBJECT (object)' failed
console.info: MINT: main/search-config update being skipped
1616086111663	geckodriver	INFO	Listening on 127.0.0.1:53427
1616086111670	mozrunner::runner	INFO	Running command: "/usr/bin/firefox" "--marionette" "user-agent=fri-ieps-kslk" "--headless" "-foreground" "-no-remote" "-profile" "/tmp/rust_mozprofilemMmcGA"
*** You are running in headless mode.

(/usr/lib/firefox/firefox:37584): GLib-GObject-CRITICAL **: 17:48:32.619: g_object_set: assertion 'G_IS_OBJECT (object)' failed

(/usr/lib/firefox/firefox:37605): GLib-GObject-CRITICAL **: 17:48:32.681: g_object_set: assertion 'G_IS_OBJECT (object)' failed
console.info: MINT: Trying to use the system region (based on LANG).
console.info: MINT: System region is US
console.warn: SearchSettings: "get: No settings file exists, new profile?" (new Error("", "(unknown module)"))
console.info: MINT: Loading search-config defaults.
JavaScript error: resource://gre/modules/TelemetryUtils.jsm, line 159: TypeError: date is undefined
1616086113352	Marionette	INFO	Listening on port 39471
1616086113418	Marionette	WARN	TLS certificate errors will be ignored for this session

(/usr/lib/firefox/firefox:37695): GLib-GObject-CRITICAL **: 17:48:33.634: g_object_set: assertion 'G_IS_OBJECT (object)' failed
1616086120285	Marionette	INFO	Stopped listening on port 39471
1616086120868	geckodriver	INFO	Listening on 127.0.0.1:39293
1616086120879	mozrunner::runner	INFO	Running command: "/usr/bin/firefox" "--marionette" "user-agent=fri-ieps-kslk" "--headless" "-foreground" "-no-remote" "-profile" "/tmp/rust_mozprofilegaCtOG"
*** You are running in headless mode.

(/usr/lib/firefox/firefox:37802): GLib-GObject-CRITICAL **: 17:48:41.810: g_object_set: assertion 'G_IS_OBJECT (object)' failed

(/usr/lib/firefox/firefox:37823): GLib-GObject-CRITICAL **: 17:48:41.868: g_object_set: assertion 'G_IS_OBJECT (object)' failed
console.info: MINT: Trying to use the system region (based on LANG).
console.info: MINT: System region is US
console.warn: SearchSettings: "get: No settings file exists, new profile?" (new Error("", "(unknown module)"))
console.info: MINT: Loading search-config defaults.
JavaScript error: resource://gre/modules/TelemetryUtils.jsm, line 159: TypeError: date is undefined
1616086122937	Marionette	INFO	Listening on port 37775

(/usr/lib/firefox/firefox:37907): GLib-GObject-CRITICAL **: 17:48:42.991: g_object_set: assertion 'G_IS_OBJECT (object)' failed
1616086123004	Marionette	WARN	TLS certificate errors will be ignored for this session
1616086128761	geckodriver	INFO	Listening on 127.0.0.1:53919
1616086128768	mozrunner::runner	INFO	Running command: "/usr/bin/firefox" "--marionette" "user-agent=fri-ieps-kslk" "--headless" "-foreground" "-no-remote" "-profile" "/tmp/rust_mozprofileyJ5qoX"
*** You are running in headless mode.

(/usr/lib/firefox/firefox:38017): GLib-GObject-CRITICAL **: 17:48:49.691: g_object_set: assertion 'G_IS_OBJECT (object)' failed

(/usr/lib/firefox/firefox:38038): GLib-GObject-CRITICAL **: 17:48:49.738: g_object_set: assertion 'G_IS_OBJECT (object)' failed
console.info: MINT: Trying to use the system region (based on LANG).
console.info: MINT: System region is US
console.warn: SearchSettings: "get: No settings file exists, new profile?" (new Error("", "(unknown module)"))
console.info: MINT: Loading search-config defaults.
JavaScript error: resource://gre/modules/TelemetryUtils.jsm, line 159: TypeError: date is undefined
1616086130431	Marionette	INFO	Listening on port 36087
1616086130494	Marionette	WARN	TLS certificate errors will be ignored for this session

(/usr/lib/firefox/firefox:38128): GLib-GObject-CRITICAL **: 17:48:50.657: g_object_set: assertion 'G_IS_OBJECT (object)' failed
console.info: MINT: main/search-config update being skipped
1616086136262	geckodriver	INFO	Listening on 127.0.0.1:37861
1616086136273	mozrunner::runner	INFO	Running command: "/usr/bin/firefox" "--marionette" "user-agent=fri-ieps-kslk" "--headless" "-foreground" "-no-remote" "-profile" "/tmp/rust_mozprofileWXRW5q"
*** You are running in headless mode.

(/usr/lib/firefox/firefox:38233): GLib-GObject-CRITICAL **: 17:48:57.190: g_object_set: assertion 'G_IS_OBJECT (object)' failed

(/usr/lib/firefox/firefox:38254): GLib-GObject-CRITICAL **: 17:48:57.242: g_object_set: assertion 'G_IS_OBJECT (object)' failed
console.info: MINT: Trying to use the system region (based on LANG).
console.info: MINT: System region is US
console.warn: SearchSettings: "get: No settings file exists, new profile?" (new Error("", "(unknown module)"))
console.info: MINT: Loading search-config defaults.
JavaScript error: resource://gre/modules/TelemetryUtils.jsm, line 159: TypeError: date is undefined
1616086137909	Marionette	INFO	Listening on port 44547
1616086138048	Marionette	WARN	TLS certificate errors will be ignored for this session

(/usr/lib/firefox/firefox:38345): GLib-GObject-CRITICAL **: 17:48:58.147: g_object_set: assertion 'G_IS_OBJECT (object)' failed
1616086154722	geckodriver	INFO	Listening on 127.0.0.1:37385
1616086154733	mozrunner::runner	INFO	Running command: "/usr/bin/firefox" "--marionette" "user-agent=fri-ieps-kslk" "--headless" "-foreground" "-no-remote" "-profile" "/tmp/rust_mozprofileikqXmw"
*** You are running in headless mode.

(/usr/lib/firefox/firefox:38458): GLib-GObject-CRITICAL **: 17:49:15.713: g_object_set: assertion 'G_IS_OBJECT (object)' failed

(/usr/lib/firefox/firefox:38479): GLib-GObject-CRITICAL **: 17:49:15.750: g_object_set: assertion 'G_IS_OBJECT (object)' failed
console.info: MINT: Trying to use the system region (based on LANG).
console.info: MINT: System region is US
console.warn: SearchSettings: "get: No settings file exists, new profile?" (new Error("", "(unknown module)"))
console.info: MINT: Loading search-config defaults.
JavaScript error: resource://gre/modules/TelemetryUtils.jsm, line 159: TypeError: date is undefined
1616086156479	Marionette	INFO	Listening on port 33083
1616086156585	Marionette	WARN	TLS certificate errors will be ignored for this session

(/usr/lib/firefox/firefox:38568): GLib-GObject-CRITICAL **: 17:49:16.632: g_object_set: assertion 'G_IS_OBJECT (object)' failed
1616086162366	geckodriver	INFO	Listening on 127.0.0.1:58969
1616086162370	mozrunner::runner	INFO	Running command: "/usr/bin/firefox" "--marionette" "user-agent=fri-ieps-kslk" "--headless" "-foreground" "-no-remote" "-profile" "/tmp/rust_mozprofile0zK2am"
*** You are running in headless mode.

(/usr/lib/firefox/firefox:38668): GLib-GObject-CRITICAL **: 17:49:23.271: g_object_set: assertion 'G_IS_OBJECT (object)' failed

(/usr/lib/firefox/firefox:38689): GLib-GObject-CRITICAL **: 17:49:23.337: g_object_set: assertion 'G_IS_OBJECT (object)' failed
console.info: MINT: Trying to use the system region (based on LANG).
console.info: MINT: System region is US
console.warn: SearchSettings: "get: No settings file exists, new profile?" (new Error("", "(unknown module)"))
console.info: MINT: Loading search-config defaults.
JavaScript error: resource://gre/modules/TelemetryUtils.jsm, line 159: TypeError: date is undefined
1616086164122	Marionette	INFO	Listening on port 38947
1616086164208	Marionette	WARN	TLS certificate errors will be ignored for this session

(/usr/lib/firefox/firefox:38781): GLib-GObject-CRITICAL **: 17:49:24.263: g_object_set: assertion 'G_IS_OBJECT (object)' failed
1616086170201	geckodriver	INFO	Listening on 127.0.0.1:49663
1616086170213	mozrunner::runner	INFO	Running command: "/usr/bin/firefox" "--marionette" "user-agent=fri-ieps-kslk" "--headless" "-foreground" "-no-remote" "-profile" "/tmp/rust_mozprofileaE3NRt"
*** You are running in headless mode.

(/usr/lib/firefox/firefox:38881): GLib-GObject-CRITICAL **: 17:49:31.163: g_object_set: assertion 'G_IS_OBJECT (object)' failed

(/usr/lib/firefox/firefox:38902): GLib-GObject-CRITICAL **: 17:49:31.221: g_object_set: assertion 'G_IS_OBJECT (object)' failed
console.info: MINT: Trying to use the system region (based on LANG).
console.info: MINT: System region is US
console.warn: SearchSettings: "get: No settings file exists, new profile?" (new Error("", "(unknown module)"))
console.info: MINT: Loading search-config defaults.
JavaScript error: resource://gre/modules/TelemetryUtils.jsm, line 159: TypeError: date is undefined
1616086171923	Marionette	INFO	Listening on port 35265
1616086172055	Marionette	WARN	TLS certificate errors will be ignored for this session

(/usr/lib/firefox/firefox:38991): GLib-GObject-CRITICAL **: 17:49:32.089: g_object_set: assertion 'G_IS_OBJECT (object)' failed
JavaScript error: https://www.stopbirokraciji.gov.si/js/main.js?1566479405, line 275: TypeError: $(...).fancybox is not a function
1616086180246	Marionette	INFO	Stopped listening on port 35265
1616086181466	geckodriver	INFO	Listening on 127.0.0.1:55147
1616086181473	mozrunner::runner	INFO	Running command: "/usr/bin/firefox" "--marionette" "user-agent=fri-ieps-kslk" "--headless" "-foreground" "-no-remote" "-profile" "/tmp/rust_mozprofilecuv6ha"
*** You are running in headless mode.

(/usr/lib/firefox/firefox:39101): GLib-GObject-CRITICAL **: 17:49:42.393: g_object_set: assertion 'G_IS_OBJECT (object)' failed

(/usr/lib/firefox/firefox:39122): GLib-GObject-CRITICAL **: 17:49:42.445: g_object_set: assertion 'G_IS_OBJECT (object)' failed
console.info: MINT: Trying to use the system region (based on LANG).
console.info: MINT: System region is US
console.warn: SearchSettings: "get: No settings file exists, new profile?" (new Error("", "(unknown module)"))
console.info: MINT: Loading search-config defaults.
JavaScript error: resource://gre/modules/TelemetryUtils.jsm, line 159: TypeError: date is undefined
1616086183174	Marionette	INFO	Listening on port 43145
1616086183197	Marionette	WARN	TLS certificate errors will be ignored for this session

(/usr/lib/firefox/firefox:39213): GLib-GObject-CRITICAL **: 17:49:43.342: g_object_set: assertion 'G_IS_OBJECT (object)' failed
1616086188909	geckodriver	INFO	Listening on 127.0.0.1:58031
1616086188921	mozrunner::runner	INFO	Running command: "/usr/bin/firefox" "--marionette" "user-agent=fri-ieps-kslk" "--headless" "-foreground" "-no-remote" "-profile" "/tmp/rust_mozprofileXFCPNY"
*** You are running in headless mode.

(/usr/lib/firefox/firefox:39309): GLib-GObject-CRITICAL **: 17:49:49.836: g_object_set: assertion 'G_IS_OBJECT (object)' failed

(/usr/lib/firefox/firefox:39330): GLib-GObject-CRITICAL **: 17:49:49.902: g_object_set: assertion 'G_IS_OBJECT (object)' failed
console.info: MINT: Trying to use the system region (based on LANG).
console.info: MINT: System region is US
console.warn: SearchSettings: "get: No settings file exists, new profile?" (new Error("", "(unknown module)"))
console.info: MINT: Loading search-config defaults.
JavaScript error: resource://gre/modules/TelemetryUtils.jsm, line 159: TypeError: date is undefined
1616086190571	Marionette	INFO	Listening on port 35983
1616086190643	Marionette	WARN	TLS certificate errors will be ignored for this session

(/usr/lib/firefox/firefox:39418): GLib-GObject-CRITICAL **: 17:49:50.787: g_object_set: assertion 'G_IS_OBJECT (object)' failed
1616086198470	Marionette	INFO	Stopped listening on port 35983
1616086199373	geckodriver	INFO	Listening on 127.0.0.1:55061
1616086199384	mozrunner::runner	INFO	Running command: "/usr/bin/firefox" "--marionette" "user-agent=fri-ieps-kslk" "--headless" "-foreground" "-no-remote" "-profile" "/tmp/rust_mozprofileogLKgb"
*** You are running in headless mode.

(/usr/lib/firefox/firefox:39525): GLib-GObject-CRITICAL **: 17:50:00.290: g_object_set: assertion 'G_IS_OBJECT (object)' failed

(/usr/lib/firefox/firefox:39546): GLib-GObject-CRITICAL **: 17:50:00.350: g_object_set: assertion 'G_IS_OBJECT (object)' failed
console.info: MINT: Trying to use the system region (based on LANG).
console.info: MINT: System region is US
console.warn: SearchSettings: "get: No settings file exists, new profile?" (new Error("", "(unknown module)"))
console.info: MINT: Loading search-config defaults.
JavaScript error: resource://gre/modules/TelemetryUtils.jsm, line 159: TypeError: date is undefined
1616086201225	Marionette	INFO	Listening on port 46629

(/usr/lib/firefox/firefox:39628): GLib-GObject-CRITICAL **: 17:50:01.281: g_object_set: assertion 'G_IS_OBJECT (object)' failed
1616086201309	Marionette	WARN	TLS certificate errors will be ignored for this session
1616086208737	Marionette	INFO	Stopped listening on port 46629

###!!! [Parent][RunMessage] Error: Channel closing: too late to send/recv, messages will be lost

1616086209444	geckodriver	INFO	Listening on 127.0.0.1:39543
1616086209448	mozrunner::runner	INFO	Running command: "/usr/bin/firefox" "--marionette" "user-agent=fri-ieps-kslk" "--headless" "-foreground" "-no-remote" "-profile" "/tmp/rust_mozprofile4IWUrz"
*** You are running in headless mode.

(/usr/lib/firefox/firefox:39737): GLib-GObject-CRITICAL **: 17:50:10.360: g_object_set: assertion 'G_IS_OBJECT (object)' failed

(/usr/lib/firefox/firefox:39758): GLib-GObject-CRITICAL **: 17:50:10.415: g_object_set: assertion 'G_IS_OBJECT (object)' failed
console.info: MINT: Trying to use the system region (based on LANG).
console.info: MINT: System region is US
console.warn: SearchSettings: "get: No settings file exists, new profile?" (new Error("", "(unknown module)"))
console.info: MINT: Loading search-config defaults.
JavaScript error: resource://gre/modules/TelemetryUtils.jsm, line 159: TypeError: date is undefined
1616086211197	Marionette	INFO	Listening on port 35605
1616086211285	Marionette	WARN	TLS certificate errors will be ignored for this session

(/usr/lib/firefox/firefox:39847): GLib-GObject-CRITICAL **: 17:50:11.325: g_object_set: assertion 'G_IS_OBJECT (object)' failed
1616086217811	geckodriver	INFO	Listening on 127.0.0.1:37101
1616086217815	mozrunner::runner	INFO	Running command: "/usr/bin/firefox" "--marionette" "user-agent=fri-ieps-kslk" "--headless" "-foreground" "-no-remote" "-profile" "/tmp/rust_mozprofileGhA0PS"
*** You are running in headless mode.

(/usr/lib/firefox/firefox:39946): GLib-GObject-CRITICAL **: 17:50:18.744: g_object_set: assertion 'G_IS_OBJECT (object)' failed

(/usr/lib/firefox/firefox:39964): GLib-GObject-CRITICAL **: 17:50:18.790: g_object_set: assertion 'G_IS_OBJECT (object)' failed
console.info: MINT: Trying to use the system region (based on LANG).
console.info: MINT: System region is US
console.warn: SearchSettings: "get: No settings file exists, new profile?" (new Error("", "(unknown module)"))
console.info: MINT: Loading search-config defaults.
JavaScript error: resource://gre/modules/TelemetryUtils.jsm, line 159: TypeError: date is undefined
1616086219654	Marionette	INFO	Listening on port 33245

(/usr/lib/firefox/firefox:40049): GLib-GObject-CRITICAL **: 17:50:19.716: g_object_set: assertion 'G_IS_OBJECT (object)' failed
1616086219739	Marionette	WARN	TLS certificate errors will be ignored for this session
1616086226726	Marionette	INFO	Stopped listening on port 33245
console.info: MINT: main/search-config update being skipped
console.info: MINT: main/search-config update being skipped
console.info: MINT: main/search-config update being skipped
console.info: MINT: main/search-config update being skipped
console.info: MINT: main/search-config update being skipped
console.info: MINT: main/search-config update being skipped
console.info: MINT: main/search-config update being skipped
console.info: MINT: main/search-config update being skipped
console.info: MINT: main/search-config update being skipped
