1615987086136	geckodriver	INFO	Listening on 127.0.0.1:53955
1615987086142	mozrunner::runner	INFO	Running command: "/usr/bin/firefox" "--marionette" "user-agent=fri-ieps-kslk" "-foreground" "-no-remote" "-profile" "/tmp/rust_mozprofilehJLyGl"
console.warn: SearchSettings: "get: No settings file exists, new profile?" (new Error("", "(unknown module)"))
1615987090509	Marionette	INFO	Listening on port 42143
1615987090600	Marionette	WARN	TLS certificate errors will be ignored for this session
1615987093851	Marionette	INFO	Stopped listening on port 42143
1615987132674	geckodriver	INFO	Listening on 127.0.0.1:40649
1615987132680	mozrunner::runner	INFO	Running command: "/usr/bin/firefox" "--marionette" "user-agent=fri-ieps-kslk" "--headless" "-foreground" "-no-remote" "-profile" "/tmp/rust_mozprofile27gBk5"
*** You are running in headless mode.

(firefox:12423): GLib-GObject-WARNING **: 14:18:53.080: invalid (NULL) pointer instance

(firefox:12423): GLib-GObject-CRITICAL **: 14:18:53.080: g_signal_connect_data: assertion 'G_TYPE_CHECK_INSTANCE (instance)' failed

(/usr/lib/firefox/firefox:12564): GLib-GObject-WARNING **: 14:18:53.637: invalid (NULL) pointer instance

(/usr/lib/firefox/firefox:12564): GLib-GObject-CRITICAL **: 14:18:53.637: g_signal_connect_data: assertion 'G_TYPE_CHECK_INSTANCE (instance)' failed

(/usr/lib/firefox/firefox:12581): GLib-GObject-WARNING **: 14:18:53.767: invalid (NULL) pointer instance

(/usr/lib/firefox/firefox:12581): GLib-GObject-CRITICAL **: 14:18:53.768: g_signal_connect_data: assertion 'G_TYPE_CHECK_INSTANCE (instance)' failed
console.warn: SearchSettings: "get: No settings file exists, new profile?" (new Error("", "(unknown module)"))

(/usr/lib/firefox/firefox:12655): GLib-GObject-WARNING **: 14:18:55.041: invalid (NULL) pointer instance

(/usr/lib/firefox/firefox:12655): GLib-GObject-CRITICAL **: 14:18:55.042: g_signal_connect_data: assertion 'G_TYPE_CHECK_INSTANCE (instance)' failed
1615987135082	Marionette	INFO	Listening on port 42193
1615987135123	Marionette	WARN	TLS certificate errors will be ignored for this session
1615987140354	Marionette	INFO	Stopped listening on port 42193
1615987501512	geckodriver	INFO	Listening on 127.0.0.1:54395
1615987501518	mozrunner::runner	INFO	Running command: "/usr/bin/firefox" "--marionette" "user-agent=fri-ieps-kslk" "--headless" "-foreground" "-no-remote" "-profile" "/tmp/rust_mozprofileoGr9iP"
*** You are running in headless mode.

(firefox:13049): GLib-GObject-WARNING **: 14:25:01.940: invalid (NULL) pointer instance

(firefox:13049): GLib-GObject-CRITICAL **: 14:25:01.940: g_signal_connect_data: assertion 'G_TYPE_CHECK_INSTANCE (instance)' failed

(/usr/lib/firefox/firefox:13212): GLib-GObject-WARNING **: 14:25:02.487: invalid (NULL) pointer instance

(/usr/lib/firefox/firefox:13212): GLib-GObject-CRITICAL **: 14:25:02.487: g_signal_connect_data: assertion 'G_TYPE_CHECK_INSTANCE (instance)' failed

(/usr/lib/firefox/firefox:13229): GLib-GObject-WARNING **: 14:25:02.620: invalid (NULL) pointer instance

(/usr/lib/firefox/firefox:13229): GLib-GObject-CRITICAL **: 14:25:02.620: g_signal_connect_data: assertion 'G_TYPE_CHECK_INSTANCE (instance)' failed
console.warn: SearchSettings: "get: No settings file exists, new profile?" (new Error("", "(unknown module)"))

(/usr/lib/firefox/firefox:13308): GLib-GObject-WARNING **: 14:25:03.917: invalid (NULL) pointer instance

(/usr/lib/firefox/firefox:13308): GLib-GObject-CRITICAL **: 14:25:03.917: g_signal_connect_data: assertion 'G_TYPE_CHECK_INSTANCE (instance)' failed
1615987503950	Marionette	INFO	Listening on port 37445
1615987504057	Marionette	WARN	TLS certificate errors will be ignored for this session
1615987510399	Marionette	INFO	Stopped listening on port 37445
1615987606706	geckodriver	INFO	Listening on 127.0.0.1:51751
1615987606712	mozrunner::runner	INFO	Running command: "/usr/bin/firefox" "--marionette" "user-agent=fri-ieps-kslk" "--headless" "-foreground" "-no-remote" "-profile" "/tmp/rust_mozprofilelzu035"
*** You are running in headless mode.

(firefox:13490): GLib-GObject-WARNING **: 14:26:47.117: invalid (NULL) pointer instance

(firefox:13490): GLib-GObject-CRITICAL **: 14:26:47.117: g_signal_connect_data: assertion 'G_TYPE_CHECK_INSTANCE (instance)' failed

(/usr/lib/firefox/firefox:13609): GLib-GObject-WARNING **: 14:26:47.650: invalid (NULL) pointer instance

(/usr/lib/firefox/firefox:13609): GLib-GObject-CRITICAL **: 14:26:47.651: g_signal_connect_data: assertion 'G_TYPE_CHECK_INSTANCE (instance)' failed

(/usr/lib/firefox/firefox:13626): GLib-GObject-WARNING **: 14:26:47.786: invalid (NULL) pointer instance

(/usr/lib/firefox/firefox:13626): GLib-GObject-CRITICAL **: 14:26:47.787: g_signal_connect_data: assertion 'G_TYPE_CHECK_INSTANCE (instance)' failed
console.warn: SearchSettings: "get: No settings file exists, new profile?" (new Error("", "(unknown module)"))

(/usr/lib/firefox/firefox:13701): GLib-GObject-WARNING **: 14:26:49.005: invalid (NULL) pointer instance

(/usr/lib/firefox/firefox:13701): GLib-GObject-CRITICAL **: 14:26:49.005: g_signal_connect_data: assertion 'G_TYPE_CHECK_INSTANCE (instance)' failed
1615987609060	Marionette	INFO	Listening on port 42385
1615987609167	Marionette	WARN	TLS certificate errors will be ignored for this session
1615987614926	Marionette	INFO	Stopped listening on port 42385
1615987830381	geckodriver	INFO	Listening on 127.0.0.1:35307
1615987830387	mozrunner::runner	INFO	Running command: "/usr/bin/firefox" "--marionette" "user-agent=fri-ieps-kslk" "--headless" "-foreground" "-no-remote" "-profile" "/tmp/rust_mozprofileB3Rl4Q"
*** You are running in headless mode.

(firefox:13842): GLib-GObject-WARNING **: 14:30:30.798: invalid (NULL) pointer instance

(firefox:13842): GLib-GObject-CRITICAL **: 14:30:30.798: g_signal_connect_data: assertion 'G_TYPE_CHECK_INSTANCE (instance)' failed

(/usr/lib/firefox/firefox:13977): GLib-GObject-WARNING **: 14:30:31.328: invalid (NULL) pointer instance

(/usr/lib/firefox/firefox:13977): GLib-GObject-CRITICAL **: 14:30:31.328: g_signal_connect_data: assertion 'G_TYPE_CHECK_INSTANCE (instance)' failed

(/usr/lib/firefox/firefox:13994): GLib-GObject-WARNING **: 14:30:31.453: invalid (NULL) pointer instance

(/usr/lib/firefox/firefox:13994): GLib-GObject-CRITICAL **: 14:30:31.454: g_signal_connect_data: assertion 'G_TYPE_CHECK_INSTANCE (instance)' failed
console.warn: SearchSettings: "get: No settings file exists, new profile?" (new Error("", "(unknown module)"))

(/usr/lib/firefox/firefox:14070): GLib-GObject-WARNING **: 14:30:32.835: invalid (NULL) pointer instance

(/usr/lib/firefox/firefox:14070): GLib-GObject-CRITICAL **: 14:30:32.835: g_signal_connect_data: assertion 'G_TYPE_CHECK_INSTANCE (instance)' failed
1615987832875	Marionette	INFO	Listening on port 40709
1615987832924	Marionette	WARN	TLS certificate errors will be ignored for this session
1615987838868	Marionette	INFO	Stopped listening on port 40709
1615987872046	geckodriver	INFO	Listening on 127.0.0.1:39849
1615987872053	mozrunner::runner	INFO	Running command: "/usr/bin/firefox" "--marionette" "user-agent=fri-ieps-kslk" "--headless" "-foreground" "-no-remote" "-profile" "/tmp/rust_mozprofileOuB5UL"
*** You are running in headless mode.

(firefox:14147): GLib-GObject-WARNING **: 14:31:12.490: invalid (NULL) pointer instance

(firefox:14147): GLib-GObject-CRITICAL **: 14:31:12.490: g_signal_connect_data: assertion 'G_TYPE_CHECK_INSTANCE (instance)' failed

(/usr/lib/firefox/firefox:14279): GLib-GObject-WARNING **: 14:31:13.046: invalid (NULL) pointer instance

(/usr/lib/firefox/firefox:14279): GLib-GObject-CRITICAL **: 14:31:13.047: g_signal_connect_data: assertion 'G_TYPE_CHECK_INSTANCE (instance)' failed

(/usr/lib/firefox/firefox:14296): GLib-GObject-WARNING **: 14:31:13.161: invalid (NULL) pointer instance

(/usr/lib/firefox/firefox:14296): GLib-GObject-CRITICAL **: 14:31:13.161: g_signal_connect_data: assertion 'G_TYPE_CHECK_INSTANCE (instance)' failed
console.warn: SearchSettings: "get: No settings file exists, new profile?" (new Error("", "(unknown module)"))

(/usr/lib/firefox/firefox:14373): GLib-GObject-WARNING **: 14:31:14.398: invalid (NULL) pointer instance

(/usr/lib/firefox/firefox:14373): GLib-GObject-CRITICAL **: 14:31:14.398: g_signal_connect_data: assertion 'G_TYPE_CHECK_INSTANCE (instance)' failed
1615987874449	Marionette	INFO	Listening on port 40753
1615987874492	Marionette	WARN	TLS certificate errors will be ignored for this session
1615987880817	Marionette	INFO	Stopped listening on port 40753
1615988034496	geckodriver	INFO	Listening on 127.0.0.1:52645
1615988034502	mozrunner::runner	INFO	Running command: "/usr/bin/firefox" "--marionette" "user-agent=fri-ieps-kslk" "--headless" "-foreground" "-no-remote" "-profile" "/tmp/rust_mozprofile7BLkK3"
*** You are running in headless mode.

(firefox:14598): GLib-GObject-WARNING **: 14:33:54.922: invalid (NULL) pointer instance

(firefox:14598): GLib-GObject-CRITICAL **: 14:33:54.922: g_signal_connect_data: assertion 'G_TYPE_CHECK_INSTANCE (instance)' failed

(/usr/lib/firefox/firefox:14708): GLib-GObject-WARNING **: 14:33:55.454: invalid (NULL) pointer instance

(/usr/lib/firefox/firefox:14708): GLib-GObject-CRITICAL **: 14:33:55.454: g_signal_connect_data: assertion 'G_TYPE_CHECK_INSTANCE (instance)' failed

(/usr/lib/firefox/firefox:14725): GLib-GObject-WARNING **: 14:33:55.612: invalid (NULL) pointer instance

(/usr/lib/firefox/firefox:14725): GLib-GObject-CRITICAL **: 14:33:55.612: g_signal_connect_data: assertion 'G_TYPE_CHECK_INSTANCE (instance)' failed
console.warn: SearchSettings: "get: No settings file exists, new profile?" (new Error("", "(unknown module)"))

(/usr/lib/firefox/firefox:14800): GLib-GObject-WARNING **: 14:33:56.851: invalid (NULL) pointer instance

(/usr/lib/firefox/firefox:14800): GLib-GObject-CRITICAL **: 14:33:56.851: g_signal_connect_data: assertion 'G_TYPE_CHECK_INSTANCE (instance)' failed
1615988036929	Marionette	INFO	Listening on port 44937
1615988037058	Marionette	WARN	TLS certificate errors will be ignored for this session
1615988042834	Marionette	INFO	Stopped listening on port 44937
1615988064456	geckodriver	INFO	Listening on 127.0.0.1:52687
1615988064463	mozrunner::runner	INFO	Running command: "/usr/bin/firefox" "--marionette" "user-agent=fri-ieps-kslk" "--headless" "-foreground" "-no-remote" "-profile" "/tmp/rust_mozprofile0owXhC"
*** You are running in headless mode.

(firefox:14901): GLib-GObject-WARNING **: 14:34:24.891: invalid (NULL) pointer instance

(firefox:14901): GLib-GObject-CRITICAL **: 14:34:24.891: g_signal_connect_data: assertion 'G_TYPE_CHECK_INSTANCE (instance)' failed

(/usr/lib/firefox/firefox:15016): GLib-GObject-WARNING **: 14:34:25.447: invalid (NULL) pointer instance

(/usr/lib/firefox/firefox:15016): GLib-GObject-CRITICAL **: 14:34:25.447: g_signal_connect_data: assertion 'G_TYPE_CHECK_INSTANCE (instance)' failed

(/usr/lib/firefox/firefox:15033): GLib-GObject-WARNING **: 14:34:25.590: invalid (NULL) pointer instance

(/usr/lib/firefox/firefox:15033): GLib-GObject-CRITICAL **: 14:34:25.590: g_signal_connect_data: assertion 'G_TYPE_CHECK_INSTANCE (instance)' failed
console.warn: SearchSettings: "get: No settings file exists, new profile?" (new Error("", "(unknown module)"))

(/usr/lib/firefox/firefox:15112): GLib-GObject-WARNING **: 14:34:26.849: invalid (NULL) pointer instance

(/usr/lib/firefox/firefox:15112): GLib-GObject-CRITICAL **: 14:34:26.849: g_signal_connect_data: assertion 'G_TYPE_CHECK_INSTANCE (instance)' failed
1615988066879	Marionette	INFO	Listening on port 44869
1615988067040	Marionette	WARN	TLS certificate errors will be ignored for this session
1615988073427	Marionette	INFO	Stopped listening on port 44869
1615988272024	geckodriver	INFO	Listening on 127.0.0.1:33041
1615988272031	mozrunner::runner	INFO	Running command: "/usr/bin/firefox" "--marionette" "user-agent=fri-ieps-kslk" "--headless" "-foreground" "-no-remote" "-profile" "/tmp/rust_mozprofilesnlJzC"
*** You are running in headless mode.

(firefox:15369): GLib-GObject-WARNING **: 14:37:52.450: invalid (NULL) pointer instance

(firefox:15369): GLib-GObject-CRITICAL **: 14:37:52.450: g_signal_connect_data: assertion 'G_TYPE_CHECK_INSTANCE (instance)' failed

(/usr/lib/firefox/firefox:15484): GLib-GObject-WARNING **: 14:37:52.982: invalid (NULL) pointer instance

(/usr/lib/firefox/firefox:15484): GLib-GObject-CRITICAL **: 14:37:52.982: g_signal_connect_data: assertion 'G_TYPE_CHECK_INSTANCE (instance)' failed

(/usr/lib/firefox/firefox:15502): GLib-GObject-WARNING **: 14:37:53.113: invalid (NULL) pointer instance

(/usr/lib/firefox/firefox:15502): GLib-GObject-CRITICAL **: 14:37:53.113: g_signal_connect_data: assertion 'G_TYPE_CHECK_INSTANCE (instance)' failed
console.warn: SearchSettings: "get: No settings file exists, new profile?" (new Error("", "(unknown module)"))

(/usr/lib/firefox/firefox:15575): GLib-GObject-WARNING **: 14:37:54.446: invalid (NULL) pointer instance

(/usr/lib/firefox/firefox:15575): GLib-GObject-CRITICAL **: 14:37:54.447: g_signal_connect_data: assertion 'G_TYPE_CHECK_INSTANCE (instance)' failed
1615988274479	Marionette	INFO	Listening on port 38211
1615988274571	Marionette	WARN	TLS certificate errors will be ignored for this session
1615988280804	Marionette	INFO	Stopped listening on port 38211
