



Processing data...
Results for a query: "Študentski domovi"

Results found in 115.22347116470337s

Frequencies Document                                            Snippet
----------- --------------------------------------------------- -----------------------------------------------------------
12          ../data/podatki.gov.si/podatki.gov.si.340.html      ... VIČ DIJAŠKI IN ŠTUDENTSKI DOM KOPER - ... CAPODISTRIA DIJAŠKI IN ŠTUDENTSKI DOM KRANJ DIJAŠKI ...
5           ../data/evem.gov.si/evem.gov.si.371.html            ... da lahko ustanovi študentski dom domača ali ... namene (kot so domovi za starejše osebe, ...
5           ../data/podatki.gov.si/podatki.gov.si.401.html      ...  ... Navajanje vira: Zavodi, domovi in druge ustanove ...
4           ../data/evem.gov.si/evem.gov.si.484.html            ...  ... Moj e-VEM eVEM›Dejavnosti›Počitniški domovi in letovišča (55.201) ...
3           ../data/evem.gov.si/evem.gov.si.165.html            ...  ... Moj e-VEM eVEM›Dejavnosti›Počitniški domovi Počitniški domovi Dejavnost ...
3           ../data/evem.gov.si/evem.gov.si.168.html            ...  ... Moj e-VEM eVEM›Dejavnosti›Planinski domovi in mladinska prenočišča ...
3           ../data/evem.gov.si/evem.gov.si.83.html             ... preko pooblaščene organizacije (študentski servisi, Zavod Republike ... ki jo priskrbi študentski servis. Napotnica je ...
3           ../data/evem.gov.si/evem.gov.si.16.html             ... Gostišče Prenočišče Počitniški domovi Počitniška stanovanja in ... gostom (55.203) Planinski domovi in mladinska prenočišča ...
3           ../data/e-uprava.gov.si/e-uprava.gov.si.23.html     ... muzeji, galerije, kulturni domovi... Zdravstvo Seznam institucij ... so bolnišnice, zdravstveni domovi, lekarne... Sociala Seznam ...
2           ../data/podatki.gov.si/podatki.gov.si.119.html      ... in šport Zavodi, domovi in druge ustanove ... z naslovom "Zavodi, domovi in druge... Nadaljujte ...
2           ../data/podatki.gov.si/podatki.gov.si.125.html      ... in šport Zavodi, domovi in druge ustanove ... z naslovom "Zavodi, domovi in druge... Nadaljujte ...
2           ../data/podatki.gov.si/podatki.gov.si.133.html      ... in šport Zavodi, domovi in druge ustanove ... z naslovom "Zavodi, domovi in druge... Nadaljujte ...
2           ../data/podatki.gov.si/podatki.gov.si.129.html      ... in šport Zavodi, domovi in druge ustanove ... z naslovom "Zavodi, domovi in druge... Nadaljujte ...
2           ../data/podatki.gov.si/podatki.gov.si.398.html      ... in šport Zavodi, domovi in druge ustanove ... z naslovom "Zavodi, domovi in druge... Nadaljujte ...
2           ../data/podatki.gov.si/podatki.gov.si.296.html      ... in šport Zavodi, domovi in druge ustanove ... z naslovom "Zavodi, domovi in druge... Nadaljujte ...
2           ../data/podatki.gov.si/podatki.gov.si.397.html      ... in šport Zavodi, domovi in druge ustanove ... z naslovom "Zavodi, domovi in druge... Nadaljujte ...
1           ../data/evem.gov.si/evem.gov.si.651.html            ... in naselja Počitniški domovi Pogrebna in pokopališka ...
1           ../data/evem.gov.si/evem.gov.si.650.html            ... in naselja Počitniški domovi Planšarija Osmica več ...
1           ../data/evem.gov.si/evem.gov.si.164.html            ... članico univerze in študentski dom lahko ustanovijo ...
1           ../data/evem.gov.si/evem.gov.si.109.html            ... namene (kot so domovi za starejše osebe, ...
1           ../data/evem.gov.si/evem.gov.si.654.html            ... in naselja Počitniški domovi Planšarija Osmica več ...
1           ../data/evem.gov.si/evem.gov.si.73.html             ... preko pooblaščene organizacije (študentski servisi, Zavod Republike ...
1           ../data/e-uprava.gov.si/e-uprava.gov.si.56.html     ... primeru telesne okvare. Domovi za starejše Namestitev ...
1           ../data/e-uprava.gov.si/e-uprava.gov.si.50.html     ... ob poznejši upokojitvi, domovi za starejše, delna ...
