Results for a query: "trgovina"

Results found in 0.011131763458251953s

Frequencies Document                                            Snippet
----------- --------------------------------------------------- -----------------------------------------------------------
364         ../data/evem.gov.si/evem.gov.si.371.html            ... organizacij, gl. 46.110 trgovina na debelo s ... juh, gl. 10.890 trgovina na debelo z ...
94          ../data/evem.gov.si/evem.gov.si.651.html            ... Druga govedoreja Druga trgovina na drobno v ... specializiranih prodajalnah Druga trgovina na drobno v ...
92          ../data/evem.gov.si/evem.gov.si.21.html             ... Moj e-VEM eVEM›Področja Trgovina Tu boste našli ... Seznam dejavnosti Druga trgovina na drobno v ...
82          ../data/podatki.gov.si/podatki.gov.si.340.html      ... d.o.o. A DENT, trgovina in storitve, d.o.o. ... d.o.o. ADRIA INVESTICIJE trgovina, posredništvo, storitve in ...
13          ../data/evem.gov.si/evem.gov.si.623.html            ... Trgovina na debelo z ... izdelki široke porabe Trgovina na debelo z ...
12          ../data/evem.gov.si/evem.gov.si.630.html            ... Trgovina na drobno v ... predmeti za gospodinjstvo Trgovina na drobno v ...
12          ../data/evem.gov.si/evem.gov.si.329.html            ... Trgovina na debelo z ... in sanitarno opremo Trgovina na debelo z ...
10          ../data/evem.gov.si/evem.gov.si.622.html            ... Trgovina na debelo z ... električnimi gospodinjskimi napravami Trgovina na debelo z ...
10          ../data/evem.gov.si/evem.gov.si.327.html            ... Trgovina na debelo z ... napravami in opremo Trgovina na debelo z ...
10          ../data/evem.gov.si/evem.gov.si.320.html            ... Trgovina na debelo s ... napravami za ogrevanje Trgovina na debelo s ...
9           ../data/evem.gov.si/evem.gov.si.620.html            ... Trgovina na debelo z ... napravami in deli Trgovina na debelo z ...
9           ../data/evem.gov.si/evem.gov.si.343.html            ... Trgovina na drobno v ... prodajalnah s tekstilom Trgovina na drobno v ...
9           ../data/evem.gov.si/evem.gov.si.328.html            ... Trgovina na debelo s ... in plinastimi gorivi Trgovina na debelo s ...
8           ../data/evem.gov.si/evem.gov.si.450.html            ... Trgovina, vzdrževanje in popravila ... popravila motornih koles; trgovina z njihovimi deli ...
8           ../data/evem.gov.si/evem.gov.si.334.html            ... Trgovina na debelo z ... semeni in krmo Trgovina na debelo z ...
8           ../data/evem.gov.si/evem.gov.si.323.html            ... Trgovina na debelo s ... debelo s tekstilom Trgovina na debelo s ...
8           ../data/evem.gov.si/evem.gov.si.316.html            ... Trgovina na debelo s ... in rudami (46.720) Trgovina na debelo s ...
7           ../data/evem.gov.si/evem.gov.si.617.html            ... Trgovina na debelo s ... preprogami in svetili Trgovina na debelo s ...
7           ../data/evem.gov.si/evem.gov.si.350.html            ... Trgovina na drobno v ... barvami in steklom Trgovina na drobno v ...
7           ../data/evem.gov.si/evem.gov.si.339.html            ... Trgovina na drobno v ... z rabljenim blagom Trgovina na drobno v ...
7           ../data/evem.gov.si/evem.gov.si.319.html            ... Trgovina na debelo s ... stroji, priključki, opremo Trgovina na debelo s ...
7           ../data/evem.gov.si/evem.gov.si.315.html            ... Trgovina na debelo s ... in materiali (46.460) Trgovina na debelo s ...
6           ../data/evem.gov.si/evem.gov.si.641.html            ... Trgovina na drobno z ... lastnimi motornimi gorivi Trgovina na drobno z ...
6           ../data/evem.gov.si/evem.gov.si.636.html            ... Trgovina na drobno v ... napravami in programi Trgovina na drobno v ...
6           ../data/evem.gov.si/evem.gov.si.632.html            ... Trgovina na drobno v ... in video napravami Trgovina na drobno v ...
6           ../data/evem.gov.si/evem.gov.si.619.html            ... Trgovina na debelo z ... z obdelovalnimi stroji Trgovina na debelo z ...
6           ../data/evem.gov.si/evem.gov.si.612.html            ... Trgovina na debelo s ... sadjem in zelenjavo Trgovina na debelo s ...
6           ../data/evem.gov.si/evem.gov.si.608.html            ... Trgovina na debelo s ... kemičnimi izdelki (46.750) Trgovina na debelo s ...
6           ../data/evem.gov.si/evem.gov.si.603.html            ... Druga trgovina na drobno v ... Moj e-VEM eVEM›Dejavnosti›Druga trgovina na drobno v ...
6           ../data/evem.gov.si/evem.gov.si.601.html            ... Druga trgovina na drobno v ... Moj e-VEM eVEM›Dejavnosti›Druga trgovina na drobno v ...
6           ../data/evem.gov.si/evem.gov.si.355.html            ... Trgovina z drugimi motornimi ... drugimi motornimi vozili Trgovina z drugimi motornimi ...
6           ../data/evem.gov.si/evem.gov.si.352.html            ... Trgovina na drobno v ... ribami, raki, mehkužci Trgovina na drobno v ...
6           ../data/evem.gov.si/evem.gov.si.336.html            ... Trgovina na debelo z ... z računalniškimi napravami Trgovina na debelo z ...
6           ../data/evem.gov.si/evem.gov.si.331.html            ... Trgovina na debelo z ... ostanki in odpadki Trgovina na debelo z ...
6           ../data/evem.gov.si/evem.gov.si.330.html            ... Trgovina na debelo z ... ribami, raki, mehkužci Trgovina na debelo z ...
6           ../data/evem.gov.si/evem.gov.si.308.html            ... Druga trgovina na drobno v ... Moj e-VEM eVEM›Dejavnosti›Druga trgovina na drobno v ...
6           ../data/evem.gov.si/evem.gov.si.306.html            ... Druga trgovina na drobno zunaj ... Moj e-VEM eVEM›Dejavnosti›Druga trgovina na drobno zunaj ...
6           ../data/evem.gov.si/evem.gov.si.305.html            ... Nespecializirana trgovina na debelo / ... Moj e-VEM eVEM›Dejavnosti›Nespecializirana trgovina na debelo Nespecializirana ...
5           ../data/evem.gov.si/evem.gov.si.654.html            ... cestnem prometu več Trgovina / 108 Druga ... / 108 Druga trgovina na drobno zunaj ...
5           ../data/evem.gov.si/evem.gov.si.650.html            ... cestnem prometu več Trgovina / 108 Druga ... / 108 Druga trgovina na drobno zunaj ...
5           ../data/evem.gov.si/evem.gov.si.634.html            ... Trgovina na drobno v ... in mesnimi izdelki Trgovina na drobno v ...
5           ../data/evem.gov.si/evem.gov.si.628.html            ... Trgovina na drobno v ... in stenskimi oblogami Trgovina na drobno v ...
5           ../data/evem.gov.si/evem.gov.si.625.html            ... Trgovina na drobno v ... drobno v cvetličarnah Trgovina na drobno v ...
5           ../data/evem.gov.si/evem.gov.si.624.html            ... Trgovina na drobno v ... pretežno z živili Trgovina na drobno v ...
5           ../data/evem.gov.si/evem.gov.si.621.html            ... Trgovina na debelo z ... in mesnimi izdelki Trgovina na debelo z ...
5           ../data/evem.gov.si/evem.gov.si.616.html            ... Trgovina na debelo s ... debelo s pijačami Trgovina na debelo s ...
5           ../data/evem.gov.si/evem.gov.si.613.html            ... Trgovina na debelo s ... čokolado, sladkornimi izdelki Trgovina na debelo s ...
5           ../data/evem.gov.si/evem.gov.si.597.html            ... Trgovina na drobno na ... z drugim blagom Trgovina na drobno na ...
5           ../data/evem.gov.si/evem.gov.si.353.html            ... Trgovina na drobno v ... z umetniškimi izdelki Trgovina na drobno v ...
5           ../data/evem.gov.si/evem.gov.si.349.html            ... Trgovina na drobno v ... prodajalnah z oblačili Trgovina na drobno v ...
5           ../data/evem.gov.si/evem.gov.si.346.html            ... Trgovina na drobno v ... sadjem in zelenjavo Trgovina na drobno v ...
5           ../data/evem.gov.si/evem.gov.si.344.html            ... Trgovina na drobno v ... prodajalnah s pijačami Trgovina na drobno v ...
5           ../data/evem.gov.si/evem.gov.si.341.html            ... Trgovina na drobno v ... časopisi in revijami Trgovina na drobno v ...
5           ../data/evem.gov.si/evem.gov.si.337.html            ... Trgovina na debelo z ... urami in nakitom Trgovina na debelo z ...
5           ../data/evem.gov.si/evem.gov.si.332.html            ... Trgovina na debelo z ... za motorna vozila Trgovina na debelo z ...
5           ../data/evem.gov.si/evem.gov.si.324.html            ... Trgovina na debelo s ... stroji in opremo Trgovina na debelo s ...
5           ../data/evem.gov.si/evem.gov.si.322.html            ... Trgovina na debelo s ... za tekstilno industrijo Trgovina na debelo s ...
5           ../data/evem.gov.si/evem.gov.si.310.html            ... Nespecializirana trgovina na debelo z ... Moj e-VEM eVEM›Dejavnosti›Nespecializirana trgovina na debelo z ...
4           ../data/evem.gov.si/evem.gov.si.639.html            ... Trgovina na drobno z ... za motorna vozila Trgovina na drobno z ...
4           ../data/evem.gov.si/evem.gov.si.638.html            ... Trgovina z avtomobili in ... lahkimi motornimi vozili Trgovina z avtomobili in ...
4           ../data/evem.gov.si/evem.gov.si.635.html            ... Trgovina na drobno v ... in ortopedskimi pripomočki Trgovina na drobno v ...
4           ../data/evem.gov.si/evem.gov.si.629.html            ... Trgovina na drobno v ... testeninami, sladkornimi izdelki Trgovina na drobno v ...
4           ../data/evem.gov.si/evem.gov.si.626.html            ... Trgovina na debelo z ... z živimi živalmi Trgovina na debelo z ...
4           ../data/evem.gov.si/evem.gov.si.618.html            ... Trgovina na debelo z ... olji in maščobami Trgovina na debelo z ...
4           ../data/evem.gov.si/evem.gov.si.615.html            ... Trgovina na debelo s ... s pisarniškim pohištvom Trgovina na debelo s ...
4           ../data/evem.gov.si/evem.gov.si.614.html            ... Trgovina na debelo s ... porcelanom, steklenino, čistili Trgovina na debelo s ...
4           ../data/evem.gov.si/evem.gov.si.611.html            ... Trgovina na debelo s ... cvetjem in rastlinami Trgovina na debelo s ...
4           ../data/evem.gov.si/evem.gov.si.609.html            ... Trgovina na debelo s ... čajem, kakavom, začimbami Trgovina na debelo s ...
4           ../data/evem.gov.si/evem.gov.si.354.html            ... Trgovina na drobno v ... urami in nakitom Trgovina na drobno v ...
4           ../data/evem.gov.si/evem.gov.si.351.html            ... Trgovina na drobno v ... igre in zabavo Trgovina na drobno v ...
4           ../data/evem.gov.si/evem.gov.si.348.html            ... Trgovina na drobno v ... s telekomunikacijskimi napravami Trgovina na drobno v ...
4           ../data/evem.gov.si/evem.gov.si.345.html            ... Trgovina na drobno v ... in toaletnimi izdelki Trgovina na drobno v ...
4           ../data/evem.gov.si/evem.gov.si.342.html            ... Trgovina na drobno v ... in pisalnimi potrebščinami Trgovina na drobno v ...
4           ../data/evem.gov.si/evem.gov.si.340.html            ... Trgovina na drobno v ... prodajalnah s knjigami Trgovina na drobno v ...
4           ../data/evem.gov.si/evem.gov.si.335.html            ... Trgovina na drobno po ... po internetu (47.910) Trgovina na drobno po ...
4           ../data/evem.gov.si/evem.gov.si.333.html            ... Trgovina na debelo z ... in gradbenimi stroji Trgovina na debelo z ...
4           ../data/evem.gov.si/evem.gov.si.325.html            ... Trgovina na debelo s ... s kožami, usnjem Trgovina na debelo s ...
4           ../data/evem.gov.si/evem.gov.si.321.html            ... Trgovina na debelo s ... parfumi in kozmetiko Trgovina na debelo s ...
3           ../data/evem.gov.si/evem.gov.si.645.html            ... Trgovina z zdravili na ... zdravili na drobno Trgovina z zdravili na ...
3           ../data/evem.gov.si/evem.gov.si.644.html            ... Trgovina na drobno s ... s kozmetičnimi izdelki Trgovina na drobno s ...
3           ../data/evem.gov.si/evem.gov.si.643.html            ... Trgovina na debelo s ... s kozmetičnimi izdelki Trgovina na debelo s ...
3           ../data/evem.gov.si/evem.gov.si.642.html            ... Trgovina na debelo z ... z nevarnimi kemikalijami Trgovina na debelo z ...
3           ../data/evem.gov.si/evem.gov.si.640.html            ... Trgovina na debelo z ... drugimi plemenitimi kovinami Trgovina na debelo z ...
3           ../data/evem.gov.si/evem.gov.si.627.html            ... Trgovina na drobno na ... tekstilijami in obutvijo Trgovina na drobno na ...
3           ../data/evem.gov.si/evem.gov.si.599.html            ... Trgovina z zdravili na ... zdravili na debelo Trgovina z zdravili na ...
3           ../data/evem.gov.si/evem.gov.si.449.html            ... Trgovina na drobno v ... z očali (47.781) Trgovina na drobno v ...
3           ../data/evem.gov.si/evem.gov.si.358.html            ... Trgovina na drobno z ... z nevarnimi kemikalijami Trgovina na drobno z ...
3           ../data/evem.gov.si/evem.gov.si.347.html            ... Trgovina na drobno v ... s tobačnimi izdelki Trgovina na drobno v ...
3           ../data/evem.gov.si/evem.gov.si.338.html            ... Trgovina na drobno na ... in tobačnimi izdelki Trgovina na drobno na ...
3           ../data/evem.gov.si/evem.gov.si.326.html            ... Trgovina na debelo s ... s tobačnimi izdelki Trgovina na debelo s ...
3           ../data/evem.gov.si/evem.gov.si.318.html            ... Proizvodnja kozmetičnih izdelkov, Trgovina na debelo s ... kozmetičnimi izdelki in Trgovina na drobno s ...
3           ../data/evem.gov.si/evem.gov.si.312.html            ... Trgovina na debelo s ... s fitofarmacevtskimi sredstvi Trgovina na debelo s ...
3           ../data/evem.gov.si/evem.gov.si.15.html             ... popravila motornih vozil Trgovina, vzdrževanje in popravila ... popravila motornih koles; trgovina z njihovimi deli ...
2           ../data/evem.gov.si/evem.gov.si.605.html            ... in dodelava) stanju. Trgovina na drobno je ... ni možno. Področje: Trgovina SKD številka: 47.302 ...
2           ../data/evem.gov.si/evem.gov.si.584.html            ... Trgovina na drobno s ... za nepoklicno rabo Trgovina na drobno s ...
2           ../data/evem.gov.si/evem.gov.si.29.html             ... ogrožene osebe (socialna trgovina) ter trgovine, ki ... njihovega preživetja (pravična trgovina) ter trgovine s ...
2           ../data/evem.gov.si/evem.gov.si.20.html             ... s kmetijsko mehanizacijo Trgovina na drobno s ... fitofarmacevtskih sredstev (FFS) Trgovina na drobno s ...
1           ../data/evem.gov.si/evem.gov.si.90.html             ... • Pravosodje in varovanje • Trgovina Poslovne oblike Samostojni ...
1           ../data/evem.gov.si/evem.gov.si.69.html             ... • Pravosodje in varovanje • Trgovina Poslovne oblike Samostojni ...
1           ../data/evem.gov.si/evem.gov.si.662.html            ... • Pravosodje in varovanje • Trgovina Poslovne oblike Samostojni ...
1           ../data/evem.gov.si/evem.gov.si.633.html            ... • Pravosodje in varovanje • Trgovina Poslovne oblike Samostojni ...
1           ../data/evem.gov.si/evem.gov.si.610.html            ... članicah EU. Področje: Trgovina SKD številka: 46.750 ...
1           ../data/evem.gov.si/evem.gov.si.607.html            ... ni možno. Področje: Trgovina SKD številka: 47.000 ...
1           ../data/evem.gov.si/evem.gov.si.606.html            ... ni možno. Področje: Trgovina SKD številka: 46.110 ...
1           ../data/evem.gov.si/evem.gov.si.604.html            ... ni možno. Področje: Trgovina SKD številka: 46.130 ...
1           ../data/evem.gov.si/evem.gov.si.602.html            ... ni možno. Področje: Trgovina SKD številka: 46.120 ...
1           ../data/evem.gov.si/evem.gov.si.60.html             ... • Pravosodje in varovanje • Trgovina Poslovne oblike Samostojni ...
1           ../data/evem.gov.si/evem.gov.si.58.html             ... Pravosodje in varovanje • Trgovina Poslovne oblike Samostojni ...
1           ../data/evem.gov.si/evem.gov.si.57.html             ... • Pravosodje in varovanje • Trgovina Poslovne oblike Samostojni ...
1           ../data/evem.gov.si/evem.gov.si.54.html             ... • Pravosodje in varovanje • Trgovina Poslovne oblike Samostojni ...
1           ../data/evem.gov.si/evem.gov.si.360.html            ... ni možno. Področje: Trgovina SKD številka: 46.460 ...
1           ../data/evem.gov.si/evem.gov.si.359.html            ... ni možno. Področje: Trgovina SKD številka: 46.180 ...
1           ../data/evem.gov.si/evem.gov.si.357.html            ... ni definirano. Področje: Trgovina SKD številka: 46.220 ...
1           ../data/evem.gov.si/evem.gov.si.356.html            ... ni možno. Področje: Trgovina SKD številka: 46.380 ...
1           ../data/evem.gov.si/evem.gov.si.317.html            ... ni možno. Področje: Trgovina SKD številka: 46.180 ...
1           ../data/evem.gov.si/evem.gov.si.314.html            ... ni možno. Področje: Trgovina SKD številka: 46.160 ...
1           ../data/evem.gov.si/evem.gov.si.313.html            ... ni možno. Področje: Trgovina SKD številka: 46.170 ...
1           ../data/evem.gov.si/evem.gov.si.311.html            ... ni možno. Področje: Trgovina SKD številka: 46.140 ...
1           ../data/evem.gov.si/evem.gov.si.309.html            ... ni možno. Področje: Trgovina SKD številka: 46.150 ...
1           ../data/evem.gov.si/evem.gov.si.307.html            ... ni možno. Področje: Trgovina SKD številka: 46.750 ...
1           ../data/evem.gov.si/evem.gov.si.3.html              ... in varovanje / Trgovina Pomoč & Podpora ...
1           ../data/evem.gov.si/evem.gov.si.24.html             ... in varovanje / Trgovina Prebrskaj Seznam dejavnosti  ...
1           ../data/evem.gov.si/evem.gov.si.100.html            ... • Pravosodje in varovanje • Trgovina Poslovne oblike Samostojni ...
1           ../data/evem.gov.si/evem.gov.si.10.html             ... • Pravosodje in varovanje • Trgovina Poslovne oblike Samostojni ...
1           ../data/evem.gov.si/evem.gov.si.1.html              ... • Pravosodje in varovanje • Trgovina Poslovne oblike Samostojni ...
