Results for a query: "vozniško dovoljenje"

Results found in 0.012945175170898438s

Frequencies Document                                            Snippet
----------- --------------------------------------------------- -----------------------------------------------------------
188         ../data/evem.gov.si/evem.gov.si.371.html            ... mora uporabnik pridobiti dovoljenje pri pristojnem organu. ... je potrebno pridobiti dovoljenje, ki ga izda ...
107         ../data/evem.gov.si/evem.gov.si.653.html            ... medicine - licenca Dovoljenje za opravljanje dejavnosti ... zdravili na drobno Dovoljenje Ministrstva za zdravje ...
16          ../data/evem.gov.si/evem.gov.si.398.html            ... iz knjige sklepov, dovoljenje ATVP za spremembo ... črk. OZS, Obrtno dovoljenje Kdo si mora ...
10          ../data/evem.gov.si/evem.gov.si.84.html             ... imeti veljavno enotno dovoljenje za prebivanje in ... Srbije pa tudi delovno dovoljenje po bilateralnem sporazumu, ...
7           ../data/evem.gov.si/evem.gov.si.43.html             ... in pridobiti ustrezno dovoljenje, preden začne opravljati dejavnost, ... mora imeti uporabno dovoljenje Poslovni prostor lahko ...
7           ../data/evem.gov.si/evem.gov.si.312.html            ... distributerji, ki imajo dovoljenje za opravljanje prometa ... o registraciji ali dovoljenje za nujne primere ...
7           ../data/e-uprava.gov.si/e-uprava.gov.si.56.html     ... enoti. Če se ... Vozniško dovoljenje Z vozniškim ... Če se ... Vozniško dovoljenje Z vozniškim dovoljenjem ...
6           ../data/evem.gov.si/evem.gov.si.599.html            ... in imajo veljavno dovoljenje organa, pristojnega za ... nadaljnjem besedilu: veletrgovci). Dovoljenje za promet z ...
6           ../data/evem.gov.si/evem.gov.si.539.html            ... dejavnosti potrebujete vstopno dovoljenje in ustrezen kader. ... je potrebno pridobiti dovoljenje za gospodarski ribolov. ...
6           ../data/evem.gov.si/evem.gov.si.373.html            ... enote Prošnja za dovoljenje za prebivanje na ... ✗ Prošnja za dovoljenje za prebivanje na ...
5           ../data/evem.gov.si/evem.gov.si.582.html            ... o registraciji ali dovoljenje za nujne primere ... nujne primere ali dovoljenje za vzporedno trgovanje ...
5           ../data/evem.gov.si/evem.gov.si.157.html            ... ne potrebuje začetno dovoljenje, ki preverja izpolnjevanje ... imeti mora ustrezno uporabno dovoljenje, upoštevati se morajo minimalni ...
5           ../data/e-uprava.gov.si/e-uprava.gov.si.33.html     ... izkaznica, potni list, vozniško dovoljenje). Tip dokumenta ... listina Osebna izkaznica Vozniško dovoljenje Obmejna prepustnica ...
4           ../data/evem.gov.si/evem.gov.si.610.html            ... za to izdano dovoljenje. Različne vrste dovoljenj ... in registracija PriglasitevNacionalno dovoljenje (avtorizacija)Dovoljenje po poenostavljenem ...
4           ../data/evem.gov.si/evem.gov.si.584.html            ... o registraciji ali dovoljenje za nujne primere ... nujne primere ali dovoljenje za vzporedno trgovanje ...
4           ../data/evem.gov.si/evem.gov.si.572.html            ... mora vlogo za dovoljenje za obnovo vinograda ... po potrebi pridobiti dovoljenje za nujne primere ...
4           ../data/evem.gov.si/evem.gov.si.467.html            ... dejavnosti se ne potrebuje začetno dovoljenje, ki preverja izpolnjevanje ... imeti mora ustrezno uporabno dovoljenje, upoštevati se morajo minimalni prostorski ...
4           ../data/evem.gov.si/evem.gov.si.464.html            ... dejavnosti se ne potrebuje začetno dovoljenje, ki preverja izpolnjevanje ... imeti mora ustrezno uporabno dovoljenje, upoštevati se morajo minimalni ...
4           ../data/evem.gov.si/evem.gov.si.359.html            ... se nanaša posredništvo, dovoljenje za promet z ... ali začasno izredno dovoljenje za promet z ...
4           ../data/evem.gov.si/evem.gov.si.158.html            ... dejavnosti se ne potrebuje začetno dovoljenje, ki preverja izpolnjevanje ... imeti mora ustrezno uporabno dovoljenje, upoštevati se morajo minimalni prostorski ...
4           ../data/evem.gov.si/evem.gov.si.152.html            ... dejavnosti se ne potrebuje začetno dovoljenje, ki preverja izpolnjevanje ... imeti mora ustrezno uporabno dovoljenje, upoštevati se morajo ...
4           ../data/evem.gov.si/evem.gov.si.140.html            ... strelišča, ko dobi dovoljenje Ministra, pristojnega za ... je potrebno posebno dovoljenje, ki ga izda ...
3           ../data/podatki.gov.si/podatki.gov.si.423.html      ... prodajaln, ki imajo dovoljenje za izdajo zdravil ... prodajaln, ki imajo dovoljenje za izdajo zdravil ...
3           ../data/evem.gov.si/evem.gov.si.68.html             ... položaja točke SPOT Dovoljenje za pridobitev položaja ... kršitev. MGRT odvzame dovoljenje za opravljanje postopkov ...
3           ../data/evem.gov.si/evem.gov.si.645.html            ... zdravil prek medmrežja Dovoljenje za izdajo zdravil ... promet z zdravili Dovoljenje za opravljanje dejavnosti ...
3           ../data/evem.gov.si/evem.gov.si.642.html            ... pogoje in imeti dovoljenje za opravljanje dejavnosti ... in dokazila Stalno dovoljenje za opravljanje dejavnosti ...
3           ../data/evem.gov.si/evem.gov.si.596.html            ... osebe, ki imajo dovoljenje za izvajanje sevalne ... sevalne dejavnosti in dovoljenje za uporabo vira ...
3           ../data/evem.gov.si/evem.gov.si.592.html            ... mora uporabnik pridobiti dovoljenje pri pristojnem organu. ... je potrebno pridobiti dovoljenje pristojnega organa, ki ...
3           ../data/evem.gov.si/evem.gov.si.588.html            ... po potrebi pridobiti dovoljenje za nujne primere ... nujne primere oziroma dovoljenje za vzporedno trgovanje. ...
3           ../data/evem.gov.si/evem.gov.si.548.html            ... ribolov je potrebno dovoljenje Ministrstva za kmetijstvo, ... evidenco ribičev. Posebno dovoljenje za gospodarski ribolov ...
3           ../data/evem.gov.si/evem.gov.si.478.html            ... imeti mora ustrezno uporabno dovoljenje, upoštevati se morajo minimalni ... mora pridobiti tudi dovoljenje za prodajo tovrstnih ...
3           ../data/evem.gov.si/evem.gov.si.477.html            ... mora biti ustrezno označen, imeti mora ustrezno uporabno dovoljenje, upoštevati se morajo minimalni ... mora pridobiti tudi dovoljenje za prodajo tovrstnih ...
3           ../data/evem.gov.si/evem.gov.si.474.html            ... imeti mora ustrezno uporabno dovoljenje, upoštevati se morajo minimalni ... mora pridobiti tudi dovoljenje za prodajo tovrstnih ...
3           ../data/evem.gov.si/evem.gov.si.473.html            ... mora pridobiti tudi dovoljenje za prodajo tovrstnih ... Pogoji in dokazila Dovoljenje za opravljanje dopolnilne ...
3           ../data/evem.gov.si/evem.gov.si.472.html            ... mora ustrezno uporabno dovoljenje, upoštevati se morajo minimalni ... mora pridobiti tudi dovoljenje za prodajo tovrstnih ...
3           ../data/evem.gov.si/evem.gov.si.471.html            ... označen,imeti ustrezno uporabno dovoljenje, upoštevati minimalne prostorske pogoje ... mora pridobiti tudi dovoljenje za prodajo tovrstnih ...
3           ../data/evem.gov.si/evem.gov.si.469.html            ... mora pridobiti tudi dovoljenje za prodajo tovrstnih ... Pogoji in dokazila Dovoljenje za opravljanje dopolnilne ...
3           ../data/evem.gov.si/evem.gov.si.452.html            ... je potrebnopridobiti obrtno dovoljenje, izpolnjevati pogoj ustrezne ... RS, št. 102/04). Dovoljenje je potrebno pridobiti ...
3           ../data/evem.gov.si/evem.gov.si.358.html            ... pogoje in imeti dovoljenje za opravljanje dejavnosti ... in dokazila Stalno dovoljenje za opravljanje dejavnosti ...
3           ../data/evem.gov.si/evem.gov.si.285.html            ... je potrebno vstopno dovoljenje. Športni ribolov s ... društva pridobiti letno dovoljenje za športni ribolov ...
3           ../data/evem.gov.si/evem.gov.si.183.html            ... treba pridobiti obrtno dovoljenje in se vpisati ... in dokazila Obrtno dovoljenje Pravne podlage Obrtni ...
3           ../data/evem.gov.si/evem.gov.si.166.html            ... mora ustrezno uporabno dovoljenje, upoštevati se morajo ... mora pridobiti tudi dovoljenje za prodajo tovrstnih ...
3           ../data/evem.gov.si/evem.gov.si.165.html            ... imeti mora ustrezno uporabno dovoljenje, upoštevati se morajo minimalni ... mora pridobiti tudi dovoljenje za prodajo tovrstnih ...
3           ../data/evem.gov.si/evem.gov.si.163.html            ... mora pridobiti tudi dovoljenje za prodajo tovrstnih ... Pogoji in dokazila Dovoljenje za opravljanje dopolnilne ...
3           ../data/evem.gov.si/evem.gov.si.161.html            ... imeti mora ustrezno uporabno dovoljenje, upoštevati se morajo minimalni ... mora pridobiti tudi dovoljenje za prodajo tovrstnih ...
3           ../data/evem.gov.si/evem.gov.si.159.html            ... dejavnosti se ne potrebuje začetno dovoljenje, ki preverja izpolnjevanje ... mora pridobiti tudi dovoljenje za prodajo tovrstnih ...
3           ../data/evem.gov.si/evem.gov.si.128.html            ... treba pridobiti obrtno dovoljenje in se vpisati ... in dokazila Obrtno dovoljenje Pomembno je tudi ...
3           ../data/e-uprava.gov.si/e-uprava.gov.si.53.html     ... čolna, kako pridobim dovoljenje za zaporo ceste ... kako lahko pridobi dovoljenje za zaporo državne ...
2           ../data/evem.gov.si/evem.gov.si.99.html             ... je treba pridobiti obrtno dovoljenje in se vpisati ... opravljanjem morate pridobiti dovoljenje pri pristojnem organu. ...
2           ../data/evem.gov.si/evem.gov.si.93.html             ... je treba pridobiti obrtno dovoljenje in se vpisati ... opravljanjem morate pridobiti dovoljenje pri pristojnem organu. ...
2           ../data/evem.gov.si/evem.gov.si.70.html             ... je treba pridobiti obrtno  dovoljenje in se vpisati ... in dokazila Obrtno dovoljenje Pravne podlage Obrtni ...
2           ../data/evem.gov.si/evem.gov.si.647.html            ... potni list ali vozniško dovoljenje) in davčno ... list ali vozniško dovoljenje) in davčno številko. ...
2           ../data/evem.gov.si/evem.gov.si.601.html            ... mora pridobiti tudi dovoljenje za prodajo tovrstnih ... Določitev odpiralnega časa Dovoljenje za prodajo tobaka, ...
2           ../data/evem.gov.si/evem.gov.si.6.html              ... taksa plačana ali dovoljenje po bilateralnem sporazumu, ... taksa plačana ali dovoljenje po bilateralnem sporazumu, ...
2           ../data/evem.gov.si/evem.gov.si.589.html            ... objekt, ki ima dovoljenje za gojenje rib ... načrt ali posebno dovoljenje Ribogojec Pravne podlage ...
2           ../data/evem.gov.si/evem.gov.si.580.html            ... ki ima veljavno dovoljenje za gospodarski ribolov. ... Status in registracija Dovoljenje za gospodarski ribolovUpoštevanje ...
2           ../data/evem.gov.si/evem.gov.si.579.html            ... potrebno pridobiti vstopno dovoljenje. Športni ribolov spada ... in dokazila Letno dovoljenje za športni ribolovVodenje ...
2           ../data/evem.gov.si/evem.gov.si.535.html            ... ki imajo pridobljeno dovoljenje za usposabljanje. Izvajalec ... Status in registracija Dovoljenje za usposabljanje Pomembno ...
2           ../data/evem.gov.si/evem.gov.si.493.html            ... treba pridobiti obrtno dovoljenje in se vpisati ... opravljanjem morate pridobiti dovoljenje pri pristojnem organu. ...
2           ../data/evem.gov.si/evem.gov.si.490.html            ... treba pridobiti obrtno dovoljenje in se vpisati ... opravljanjem morate pridobiti dovoljenje pri pristojnem organu. ...
2           ../data/evem.gov.si/evem.gov.si.479.html            ... izdelke mora pridobiti dovoljenje za prodajo tovrstnih ... Pogoji in dokazila Dovoljenje za prodajo tobaka, ...
2           ../data/evem.gov.si/evem.gov.si.476.html            ... imeti mora ustrezno uporabno dovoljenje, upoštevati se morajo minimalni ... mora pridobiti tudi dovoljenje za prodajo tovrstnih ...
2           ../data/evem.gov.si/evem.gov.si.444.html            ... treba pridobiti obrtno dovoljenje, izpolnjevati pogoj ustrezne ... in dokazila Obrtno dovoljenje Pomembno je tudi ...
2           ../data/evem.gov.si/evem.gov.si.440.html            ... treba pridobiti obrtno dovoljenje in se vpisati ... in dokazila Obrtno dovoljenje Pravne podlage Obrtni ...
2           ../data/evem.gov.si/evem.gov.si.439.html            ... treba pridobiti obrtno  dovoljenje in se vpisati ... in dokazila Obrtno dovoljenje Pravne podlage Obrtni ...
2           ../data/evem.gov.si/evem.gov.si.438.html            ... treba pridobiti obrtno  dovoljenje in se vpisati ... in dokazila Obrtno dovoljenje Pravne podlage Obrtni ...
2           ../data/evem.gov.si/evem.gov.si.437.html            ... treba pridobiti obrtno dovoljenje in se vpisati ... in dokazila Obrtno dovoljenje Pravne podlage Obrtni ...
2           ../data/evem.gov.si/evem.gov.si.436.html            ... treba pridobiti obrtno  dovoljenje in se vpisati ... in dokazila Obrtno dovoljenje Pravne podlage Obrtni ...
2           ../data/evem.gov.si/evem.gov.si.435.html            ... treba pridobiti obrtno dovoljenje in se vpisati ... in dokazila Obrtno dovoljenje Pravne podlage Obrtni ...
2           ../data/evem.gov.si/evem.gov.si.431.html            ... treba pridobiti obrtno dovoljenje in se vpisati ... in dokazila Obrtno dovoljenje Pravne podlage Obrtni ...
2           ../data/evem.gov.si/evem.gov.si.429.html            ... je treba pridobiti obrtno dovoljenje in se vpisati ... in dokazila Obrtno dovoljenje Pomembno je tudi ...
2           ../data/evem.gov.si/evem.gov.si.427.html            ... potrebno pridobiti obrtno dovoljenje in se vpisati ... in dokazila Obrtno dovoljenje Pravne podlage Obrtni ...
2           ../data/evem.gov.si/evem.gov.si.426.html            ... treba pridobiti obrtno dovoljenje in se vpisati ... in dokazila Obrtno dovoljenje Pomembno je tudi ...
2           ../data/evem.gov.si/evem.gov.si.422.html            ... treba pridobiti obrtno dovoljenje in se vpisati ... in dokazila Obrtno dovoljenje Pravne podlage Obrtni ...
2           ../data/evem.gov.si/evem.gov.si.421.html            ... treba pridobiti obrtno dovoljenje in se vpisati ... in dokazila Obrtno dovoljenje Pravne podlage Obrtni ...
2           ../data/evem.gov.si/evem.gov.si.420.html            ... trba pridobiti obrtno dovoljenje in se vpisati ... in dokazila Obrtno dovoljenje Pravne podlage Uredba ...
2           ../data/evem.gov.si/evem.gov.si.418.html            ... je treba pridobiti obrtno  dovoljenje in se vpisati ... in dokazila Obrtno dovoljenje Pomembno je tudi ...
2           ../data/evem.gov.si/evem.gov.si.416.html            ... treba pridobiti obrtno dovoljenje in se vpisati ... opravljanjem morate pridobiti dovoljenje pri pristojnem organu. ...
2           ../data/evem.gov.si/evem.gov.si.415.html            ... je treba pridobiti obrtno dovoljenje in se vpisati ... opravljanjem morate pridobiti dovoljenje pri pristojnem organu. ...
2           ../data/evem.gov.si/evem.gov.si.411.html            ... treba pridobiti obrtno dovoljenje in se vpisati ... in dokazila Obrtno dovoljenje Pravne podlage Obrtni ...
2           ../data/evem.gov.si/evem.gov.si.410.html            ... treba pridobiti obrtno dovoljenje in se vpisati ... opravljanjem morate pridobiti dovoljenje pri pristojnem organu. ...
2           ../data/evem.gov.si/evem.gov.si.361.html            ... potni list ali vozniško dovoljenje) in davčno ... list ali vozniško dovoljenje) in davčno številko. ...
2           ../data/evem.gov.si/evem.gov.si.35.html             ... taksa plačana ali dovoljenje po bilateralnem sporazumu, ... taksa plačana ali dovoljenje po bilateralnem sporazumu, ...
2           ../data/evem.gov.si/evem.gov.si.347.html            ... mora pridobiti tudi dovoljenje za prodajo tovrstnih ... Določitev odpiralnega časa Dovoljenje za prodajo tobaka, ...
2           ../data/evem.gov.si/evem.gov.si.326.html            ... mora pridobiti tudi dovoljenje za prodajo tovrstnih ... Redna overitev meril Dovoljenje za prodajo tobaka, ...
2           ../data/evem.gov.si/evem.gov.si.313.html            ... izdelke mora pridobiti dovoljenje za prodajo tovrstnih ... Pogoji in dokazila Dovoljenje za prodajo tobaka, ...
2           ../data/evem.gov.si/evem.gov.si.310.html            ... mora pridobiti tudi dovoljenje za prodajo tovrstnih ... Redna overitev meril Dovoljenje za prodajo tobaka, ...
2           ../data/evem.gov.si/evem.gov.si.308.html            ... mora pridobiti tudi dovoljenje za prodajo tovrstnih ... Določitev odpiralnega časa Dovoljenje za prodajo tobaka, ...
2           ../data/evem.gov.si/evem.gov.si.305.html            ... mora pridobiti tudi dovoljenje za prodajo tovrstnih ... Redna overitev meril Dovoljenje za prodajo tobaka, ...
2           ../data/evem.gov.si/evem.gov.si.302.html            ... je potrebno pridobiti dovoljenje pristojnega organa, ki ... Pogoji in dokazila Dovoljenje za vnos in ...
2           ../data/evem.gov.si/evem.gov.si.295.html            ... (koncesijo ali vodno dovoljenje). Naravna mineralna voda ... opravljanjem morate pridobiti dovoljenje pri pristojnem organu. ...
2           ../data/evem.gov.si/evem.gov.si.286.html            ... poribljavanje je potrebno pridobiti dovoljenje za gojitev rib ... Pogoji in dokazila Dovoljenje za gojitev rib ...
2           ../data/evem.gov.si/evem.gov.si.279.html            ... morajo dobavitelji pridobiti dovoljenje pristojnega organa. Izdaja ... fitofarmacevtskih sredstev (FFS) Dovoljenje za nujne primereDovoljenje ...
2           ../data/evem.gov.si/evem.gov.si.247.html            ... dejavnosti potrebujete vodno dovoljenje. Sem spada: vzreja ... je potrebno vodno dovoljenje, ki ga izda ...
2           ../data/evem.gov.si/evem.gov.si.205.html            ... prevoz po cesti. Dovoljenje za izredni prevoz, ... soglasje njenega upravljavca. Dovoljenje za izredni prevoz, ...
2           ../data/evem.gov.si/evem.gov.si.203.html            ... dovoljenja, če gradbeno dovoljenje ni potrebno, pa ... treba pridobiti gradbeno dovoljenje in prijaviti začetek ...
2           ../data/evem.gov.si/evem.gov.si.182.html            ... je treba pridobiti obrtno dovoljenje in se vpisati ... opravljanjem morate pridobiti dovoljenje pri pristojnem organu. ...
2           ../data/evem.gov.si/evem.gov.si.179.html            ... treba pridobiti obrtno dovoljenje in se vpisati ... opravljanjem morate pridobiti dovoljenje pri pristojnem organu. ...
2           ../data/evem.gov.si/evem.gov.si.170.html            ... treba pridobiti obrtno dovoljenje in se vpisati ... opravljanjem morate pridobiti dovoljenje pri pristojnem organu. ...
2           ../data/evem.gov.si/evem.gov.si.167.html            ... izdelke mora pridobiti dovoljenje za prodajo tovrstnih ... Pogoji in dokazila Dovoljenje za prodajo tobaka, ...
2           ../data/evem.gov.si/evem.gov.si.164.html            ... izdelke mora pridobiti dovoljenje za prodajo tovrstnih ... Pogoji in dokazila Dovoljenje za prodajo tobaka, ...
2           ../data/evem.gov.si/evem.gov.si.160.html            ... Pogoji in dokazila Dovoljenje za opravljanje dopolnilne ... nudenja alkoholnih pijač Dovoljenje za prodajo tobaka, ...
2           ../data/evem.gov.si/evem.gov.si.136.html            ... treba pridobiti obrtno dovoljenje in se vpisati ... in dokazila Obrtno dovoljenje Pravne podlage Obrtni ...
2           ../data/evem.gov.si/evem.gov.si.133.html            ... prevozu nevarnega blaga dovoljenje za prevoz Za ... snovi je potrebno dovoljenje. Varnostni svetovalec Pravne ...
2           ../data/evem.gov.si/evem.gov.si.126.html            ... treba pridobiti obrtno dovoljenje, izpolnjevati pogoj ustrezne ... in dokazila Obrtno dovoljenje Pomembno je tudi ...
2           ../data/evem.gov.si/evem.gov.si.125.html            ... treba pridobiti obrtno dovoljenje in se vpisati ... in dokazila Obrtno dovoljenje Pravne podlage Obrtni ...
2           ../data/evem.gov.si/evem.gov.si.124.html            ... treba pridobiti obrtno  dovoljenje in se vpisati ... in dokazila Obrtno dovoljenje Pravne podlage Obrtni ...
2           ../data/evem.gov.si/evem.gov.si.123.html            ... treba pridobiti obrtno dovoljenje in se vpisati ... in dokazila Obrtno dovoljenje Pravne podlage Obrtni ...
2           ../data/evem.gov.si/evem.gov.si.122.html            ... treba pridobiti obrtno dovoljenje in se vpisati ... in dokazila Obrtno dovoljenje Pravne podlage Obrtni ...
2           ../data/evem.gov.si/evem.gov.si.121.html            ... treba pridobiti obrtno dovoljenje in se vpisati ... in dokazila Obrtno dovoljenje Pravne podlage Obrtni ...
2           ../data/evem.gov.si/evem.gov.si.120.html            ... je treba pridobiti obrtno dovoljenje in se vpisati ... in dokazila Obrtno dovoljenje Pravne podlage Obrtni ...
2           ../data/evem.gov.si/evem.gov.si.119.html            ... treba pridobiti obrtno dovoljenje in se vpisati ... in dokazila Obrtno dovoljenje Pravne podlage Obrtni ...
2           ../data/evem.gov.si/evem.gov.si.118.html            ... treba pridobiti obrtno dovoljenje in se vpisati ... in dokazila Obrtno dovoljenje Pravne podlage Obrtni ...
2           ../data/evem.gov.si/evem.gov.si.117.html            ... treba pridobiti obrtno dovoljenje in se vpisati ... in dokazila Obrtno dovoljenje Pravne podlage Obrtni ...
2           ../data/evem.gov.si/evem.gov.si.116.html            ... treba pridobiti obrtno dovoljenje in se vpisati ... in dokazila Obrtno dovoljenje Pravne podlage Uredba ...
2           ../data/evem.gov.si/evem.gov.si.115.html            ... treba pridobiti obrtno dovoljenje in se vpisati ... in dokazila Obrtno dovoljenje Pomembno je tudi ...
2           ../data/evem.gov.si/evem.gov.si.111.html            ... je treba pridobiti obrtno dovoljenje in se vpisati ... in dokazila Obrtno dovoljenje Pomembno je tudi ...
2           ../data/evem.gov.si/evem.gov.si.109.html            ... treba pridobiti obrtno dovoljenje in se vpisati ... opravljanjem morate pridobiti dovoljenje pri pristojnem organu. ...
2           ../data/evem.gov.si/evem.gov.si.107.html            ... je treba pridobiti obrtno dovoljenje in se vpisati ... in dokazila Obrtno dovoljenje Pravne podlage Obrtni ...
2           ../data/evem.gov.si/evem.gov.si.105.html            ... treba pridobiti obrtno dovoljenje in se vpisati ... in dokazila Obrtno dovoljenje Pravne podlage Uredba ...
2           ../data/evem.gov.si/evem.gov.si.103.html            ... treba pridobiti obrtno dovoljenje in se vpisati ... in dokazila Obrtno dovoljenje Pravne podlage Obrtni ...
2           ../data/evem.gov.si/evem.gov.si.102.html            ... treba pridobiti obrtno dovoljenje in se vpisati ... in dokazila Obrtno dovoljenje Pravne podlage Obrtni ...
2           ../data/e-uprava.gov.si/e-uprava.gov.si.8.html      ... Kje pridobim gradbeno dovoljenje, kdaj sem upravičen ... čolna, kako pridobim dovoljenje za zaporo ceste ...
2           ../data/e-uprava.gov.si/e-uprava.gov.si.49.html     ... Kje pridobim gradbeno dovoljenje, kdaj sem upravičen ... čolna, kako pridobim dovoljenje za zaporo ceste ...
2           ../data/e-uprava.gov.si/e-uprava.gov.si.44.html     ... izkaznica, potni list, vozniško dovoljenje) št., izdajatelj, ... potni list, vozniško dovoljenje) št., izdajatelj, datum ...
2           ../data/e-uprava.gov.si/e-uprava.gov.si.4.html      ... Kje pridobim gradbeno dovoljenje, kdaj sem upravičen ... čolna, kako pridobim dovoljenje za zaporo ceste ...
2           ../data/e-uprava.gov.si/e-uprava.gov.si.31.html     ... - 5 GRADBENO DOVOLJENJE ZA GRADNJO NEZAHTEVNEGA ... - 10 Enotno dovoljenje za prebivanje in ...
2           ../data/e-uprava.gov.si/e-uprava.gov.si.3.html      ... Kje pridobim gradbeno dovoljenje, kdaj sem upravičen ... čolna, kako pridobim dovoljenje za zaporo ceste ...
2           ../data/e-uprava.gov.si/e-uprava.gov.si.29.html     ... čuvajev, status ribiča, dovoljenje za prostočasni ribolov ... v celinskih vodah, dovoljenje za športni ribolov ...
2           ../data/e-uprava.gov.si/e-uprava.gov.si.28.html     ... Kje pridobim gradbeno dovoljenje, kdaj sem upravičen ... Nepremičnine, stavbe Gradbeno dovoljenje, vpis stavbe v ...
2           ../data/e-uprava.gov.si/e-uprava.gov.si.27.html     ... Kje pridobim gradbeno dovoljenje, kdaj sem upravičen ... čolna, kako pridobim dovoljenje za zaporo ceste ...
2           ../data/e-uprava.gov.si/e-uprava.gov.si.26.html     ... Kje pridobim gradbeno dovoljenje, kdaj sem upravičen ... čolna, kako pridobim dovoljenje za zaporo ceste ...
2           ../data/e-uprava.gov.si/e-uprava.gov.si.2.html      ... Kje pridobim gradbeno dovoljenje, kdaj sem upravičen ... čolna, kako pridobim dovoljenje za zaporo ceste ...
2           ../data/e-uprava.gov.si/e-uprava.gov.si.14.html     ... Kje pridobim gradbeno dovoljenje, kdaj sem upravičen ... čolna, kako pridobim dovoljenje za zaporo ceste ...
2           ../data/e-uprava.gov.si/e-uprava.gov.si.13.html     ... Kje pridobim gradbeno dovoljenje, kdaj sem upravičen ... čolna, kako pridobim dovoljenje za zaporo ceste ...
2           ../data/e-uprava.gov.si/e-uprava.gov.si.12.html     ... Kje pridobim gradbeno dovoljenje, kdaj sem upravičen ... čolna, kako pridobim dovoljenje za zaporo ceste ...
2           ../data/e-uprava.gov.si/e-uprava.gov.si.11.html     ... Kje pridobim gradbeno dovoljenje, kdaj sem upravičen ... čolna, kako pridobim dovoljenje za zaporo ceste ...
2           ../data/e-uprava.gov.si/e-uprava.gov.si.10.html     ... Kje pridobim gradbeno dovoljenje, kdaj sem upravičen ... čolna, kako pridobim dovoljenje za zaporo ceste ...
1           ../data/podatki.gov.si/podatki.gov.si.6.html        ... prodajaln, ki imajo dovoljenje za izdajo zdravil ...
1           ../data/podatki.gov.si/podatki.gov.si.58.html       ... prodajaln, ki imajo dovoljenje za izdajo zdravil ...
1           ../data/podatki.gov.si/podatki.gov.si.421.html      ... prodajaln, ki imajo dovoljenje za izdajo zdravil ...
1           ../data/podatki.gov.si/podatki.gov.si.420.html      ... prodajaln, ki imajo dovoljenje za izdajo zdravil ...
1           ../data/podatki.gov.si/podatki.gov.si.419.html      ... prodajaln, ki imajo dovoljenje za izdajo zdravil ...
1           ../data/podatki.gov.si/podatki.gov.si.418.html      ... prodajaln, ki imajo dovoljenje za izdajo zdravil ...
1           ../data/podatki.gov.si/podatki.gov.si.416.html      ... prodajaln, ki imajo dovoljenje za izdajo zdravil ...
1           ../data/podatki.gov.si/podatki.gov.si.37.html       ... prodajaln, ki imajo dovoljenje za izdajo zdravil ...
1           ../data/podatki.gov.si/podatki.gov.si.338.html      ... prodajaln, ki imajo dovoljenje za izdajo zdravil ...
1           ../data/podatki.gov.si/podatki.gov.si.32.html       ... prodajaln, ki imajo dovoljenje za izdajo zdravil ...
1           ../data/podatki.gov.si/podatki.gov.si.183.html      ... ki imajo okoljevarstveno dovoljenje za ODSTRANJEVANJE AZBESTA ...
1           ../data/podatki.gov.si/podatki.gov.si.163.html      ... prodajaln, ki imajo dovoljenje za izdajo zdravil ...
1           ../data/podatki.gov.si/podatki.gov.si.162.html      ... prodajaln, ki imajo dovoljenje za izdajo zdravil ...
1           ../data/podatki.gov.si/podatki.gov.si.156.html      ... prodajaln, ki imajo dovoljenje za izdajo zdravil ...
1           ../data/podatki.gov.si/podatki.gov.si.155.html      ... prodajaln, ki imajo dovoljenje za izdajo zdravil ...
1           ../data/podatki.gov.si/podatki.gov.si.154.html      ... prodajaln, ki imajo dovoljenje za izdajo zdravil ...
1           ../data/evem.gov.si/evem.gov.si.98.html             ... treba pridobiti obrtno dovoljenje in se vpisati ...
1           ../data/evem.gov.si/evem.gov.si.97.html             ... treba pridobiti obrtno  dovoljenje in se vpisati ...
1           ../data/evem.gov.si/evem.gov.si.94.html             ... je treba pridobiti obrtno dovoljenje in se vpisati ...
1           ../data/evem.gov.si/evem.gov.si.91.html             ... je treba pridobiti obrtno dovoljenje in se vpisati ...
1           ../data/evem.gov.si/evem.gov.si.593.html            ... popolne vloge izda  dovoljenje za uvoz in ...
1           ../data/evem.gov.si/evem.gov.si.578.html            ... rekreacijskega ribolova Upoštevanje dovoljenje količine dnevnega ulova ...
1           ../data/evem.gov.si/evem.gov.si.574.html            ... zakon in imeti dovoljenje za opravljanje dejavnosti ...
1           ../data/evem.gov.si/evem.gov.si.573.html            ... dejavnosti potrebujete vstopno dovoljenje in ustrezen kader. ...
1           ../data/evem.gov.si/evem.gov.si.570.html            ... vrst je potrebno pridobiti dovoljenje, ki ga izda ...
1           ../data/evem.gov.si/evem.gov.si.567.html            ... dejavnosti potrebujete vstopno dovoljenje in ustrezen kader, ...
1           ../data/evem.gov.si/evem.gov.si.550.html            ... dejavnosti potrebujete vstopno dovoljenje. Prašičereja je reja ...
1           ../data/evem.gov.si/evem.gov.si.55.html             ... REGISTRIRATI S.P.filter OnOffmenuopenCollapseFocusFitCloseSearchhelpLoading... Dovoljenje za opravljanje dejavnosti, če se zahteva za dejavnost, ki jo nameravate opravljati ...
1           ../data/evem.gov.si/evem.gov.si.519.html            ... za odškodninsko odgovornost, dovoljenje za opravljanje poklica, ...
1           ../data/evem.gov.si/evem.gov.si.515.html            ... opravljanjem morate pridobiti dovoljenje pri pristojnem organu. ...
1           ../data/evem.gov.si/evem.gov.si.513.html            ... opravljanjem morate pridobiti dovoljenje pri pristojnem organu. ...
1           ../data/evem.gov.si/evem.gov.si.512.html            ... opravljanjem morate pridobiti dovoljenje pri pristojnem organu. ...
1           ../data/evem.gov.si/evem.gov.si.511.html            ... opravljanjem morate pridobiti dovoljenje pri pristojnem organu. ...
1           ../data/evem.gov.si/evem.gov.si.508.html            ... opravljanjem morate pridobiti dovoljenje pri pristojnem organu. ...
1           ../data/evem.gov.si/evem.gov.si.500.html            ... treba pridobiti obrtno dovoljenje in se vpisati ...
1           ../data/evem.gov.si/evem.gov.si.499.html            ... zakon in imeti dovoljenje za opravljanje dejavnosti ...
1           ../data/evem.gov.si/evem.gov.si.497.html            ... treba pridobiti obrtno dovoljenje in se vpisati ...
1           ../data/evem.gov.si/evem.gov.si.475.html            ... gostinske dejavnosti se ne potrebuje začetno dovoljenje, ki preverja izpolnjevanje ...
1           ../data/evem.gov.si/evem.gov.si.470.html            ... Pogoji in dokazila Dovoljenje za opravljanje dopolnilne ...
1           ../data/evem.gov.si/evem.gov.si.466.html            ... je treba pridobiti obrtno dovoljenje in se vpisati ...
1           ../data/evem.gov.si/evem.gov.si.448.html            ... opravljanjem morate pridobiti dovoljenje pri pristojnem organu. ...
1           ../data/evem.gov.si/evem.gov.si.428.html            ... treba pridobiti obrtno dovoljenje in se vpisati ...
1           ../data/evem.gov.si/evem.gov.si.425.html            ... treba pridobiti obrtno dovoljenje in se vpisati ...
1           ../data/evem.gov.si/evem.gov.si.414.html            ... treba pridobiti obrtno dovoljenje in se vpisati ...
1           ../data/evem.gov.si/evem.gov.si.412.html            ... treba pridobiti obrtno dovoljenje in se vpisati ...
1           ../data/evem.gov.si/evem.gov.si.375.html            ... in odgovori – dovoljenje za prodajo tobaka, ...
1           ../data/evem.gov.si/evem.gov.si.37.html             ... mesto, pridobite obrtno dovoljenje, pooblastite drugo osebo ...
1           ../data/evem.gov.si/evem.gov.si.34.html             ... mesto, pridobite obrtno dovoljenje, pooblastite drugo osebo ...
1           ../data/evem.gov.si/evem.gov.si.289.html            ... opravljanjem morate pridobiti dovoljenje pri pristojnem organu. ...
1           ../data/evem.gov.si/evem.gov.si.284.html            ... mora imeti vodno dovoljenje in voditi ustrezne ...
1           ../data/evem.gov.si/evem.gov.si.283.html            ... dejavnosti potrebujete vstopno dovoljenje. Pod dejavnost druga ...
1           ../data/evem.gov.si/evem.gov.si.277.html            ... dejavnosti potrebujete vstopno dovoljenje in ustrezen kader. ...
1           ../data/evem.gov.si/evem.gov.si.275.html            ... dejavnosti potrebujete vstopno dovoljenje. Reja drobnice je ...
1           ../data/evem.gov.si/evem.gov.si.273.html            ... dejavnosti potrebujete vstopno dovoljenje. Perutnina zajema vzrejo ...
1           ../data/evem.gov.si/evem.gov.si.263.html            ... dejavnosti potrebujete vstopno dovoljenje. Dejavnost reje goveda ...
1           ../data/evem.gov.si/evem.gov.si.251.html            ... dejavnosti potrebujete vstopno dovoljenje. Reja kopitarjev zajema ...
1           ../data/evem.gov.si/evem.gov.si.25.html             ... Nadaljnji koraki Pridobiti morate dovoljenje za opravljanje dejavnosti (če ...
1           ../data/evem.gov.si/evem.gov.si.248.html            ... mora uporabnik pridobiti dovoljenje pri pristojnem organu. ...
1           ../data/evem.gov.si/evem.gov.si.242.html            ... je zanj izdano dovoljenje za plovbo in ...
1           ../data/evem.gov.si/evem.gov.si.241.html            ... usposobljena in ima dovoljenje za plovbo. Pogoji ...
1           ../data/evem.gov.si/evem.gov.si.24.html             ... ali poklica potrebujete dovoljenje in katere pogoje ...
1           ../data/evem.gov.si/evem.gov.si.23.html             ... koraki Pridobiti morate dovoljenje za opravljanje dejavnosti ...
1           ../data/evem.gov.si/evem.gov.si.228.html            ... ustrezno spričevalo ali dovoljenje, v skladu z ...
1           ../data/evem.gov.si/evem.gov.si.223.html            ... Generalni carinski urad dovoljenje za opravljanje poslov ...
1           ../data/evem.gov.si/evem.gov.si.218.html            ... opravljanjem morate pridobiti dovoljenje pri pristojnem organu. ...
1           ../data/evem.gov.si/evem.gov.si.216.html            ... opravljanjem morate pridobiti dovoljenje pri pristojnem organu. ...
1           ../data/evem.gov.si/evem.gov.si.211.html            ... opravljanjem morate pridobiti dovoljenje pri pristojnem organu. ...
1           ../data/evem.gov.si/evem.gov.si.210.html            ... opravljanjem morate pridobiti dovoljenje pri pristojnem organu. ...
1           ../data/evem.gov.si/evem.gov.si.209.html            ... opravljanjem morate pridobiti dovoljenje pri pristojnem organu. ...
1           ../data/evem.gov.si/evem.gov.si.206.html            ... koncesijo in obratovalno dovoljenje. Za gradnjo žičniških ...
1           ../data/evem.gov.si/evem.gov.si.202.html            ... potrebno pridobiti obrtno dovoljenje, izpolnjevati pogoj ustrezne ...
1           ../data/evem.gov.si/evem.gov.si.187.html            ... zakon in imeti dovoljenje za opravljanje dejavnosti ...
1           ../data/evem.gov.si/evem.gov.si.181.html            ... je treba pridobiti obrtno dovoljenje in se vpisati ...
1           ../data/evem.gov.si/evem.gov.si.162.html            ... vodenje knjige gostov Dovoljenje za prodajo tobaka, ...
1           ../data/evem.gov.si/evem.gov.si.156.html            ... treba pridobiti obrtno dovoljenje in se vpisati ...
1           ../data/evem.gov.si/evem.gov.si.155.html            ... se ne potrebuje začetnego dovoljenje, ki preverja izpolnjevanje ...
1           ../data/evem.gov.si/evem.gov.si.151.html            ... treba pridobiti obrtno dovoljenje in se vpisati ...
1           ../data/evem.gov.si/evem.gov.si.141.html            ... zakon in imeti dovoljenje za opravljanje dejavnosti ...
1           ../data/evem.gov.si/evem.gov.si.137.html            ... potrebno pridobiti obrtno dovoljenje, izpolnjevati pogoj ustrezne ...
1           ../data/evem.gov.si/evem.gov.si.135.html            ... potrebno pridobiti obrtno dovoljenje, izpolnjevati pogoj ustrezne ...
1           ../data/evem.gov.si/evem.gov.si.129.html            ... ki je pridobila dovoljenje za opravljanje dimnikarskih ...
1           ../data/evem.gov.si/evem.gov.si.113.html            ... treba pridobiti obrtno dovoljenje in se vpisati ...
1           ../data/evem.gov.si/evem.gov.si.110.html            ... treba pridobiti obrtno dovoljenje in se vpisati ...
1           ../data/evem.gov.si/evem.gov.si.108.html            ... je treba pridobiti obrtno dovoljenje in se vpisati ...
1           ../data/evem.gov.si/evem.gov.si.101.html            ... potrebno pridobiti obrtno dovoljenje, izpolnjevati pogoj ustrezne ...
1           ../data/e-uprava.gov.si/e-uprava.gov.si.37.html     ... Osebna izkaznica Uporabno dovoljenje Število obiskov portala ...
1           ../data/e-uprava.gov.si/e-uprava.gov.si.19.html     ... list, kako pridobim dovoljenje za nabavo orožja ...
